<?xml version="1.0" encoding="UTF-8" ?>
<testsuite errors="0" failures="0" name="edu.wustl.catissuecore.bizlogic.test.CaTissueTestSuite" tests="66" time="19.7">
  <properties>
[...]
</properties>
  <testcase classname="edu.wustl.catissuecore.bizlogic.test.UserTestCases" name="testAddUser" time="1.281"></testcase>
  <testcase classname="edu.wustl.catissuecore.bizlogic.test.InstitutionTestCases" name="testAddInstitution" time="0.125"></testcase>
  <testcase classname="edu.wustl.catissuecore.bizlogic.test.InstitutionTestCases" name="testUpdateInstitution" time="0.265"></testcase>
  <testcase classname="edu.wustl.catissuecore.bizlogic.test.InstitutionTestCases" name="testWithEmptyInstitutionName" time="0.078"></testcase>
  <testcase classname="edu.wustl.catissuecore.bizlogic.test.InstitutionTestCases" name="testWithDuplicateInstitutionName" time="0.172"></testcase>
  <testcase classname="edu.wustl.catissuecore.bizlogic.test.InstitutionTestCases" name="testSearchInstitution" time="0.266"></testcase>
  <testcase classname="edu.wustl.catissuecore.bizlogic.test.DepartmentTestCases" name="testAddDepartment" time="0.125"></testcase>
  <testcase classname="edu.wustl.catissuecore.bizlogic.test.DepartmentTestCases" name="testSearchDepartmet" time="0.14"></testcase>
  <testcase classname="edu.wustl.catissuecore.bizlogic.test.DepartmentTestCases" name="testUpdateDepartment" time="0.125"></testcase>
  <testcase classname="edu.wustl.catissuecore.bizlogic.test.DepartmentTestCases" name="testWithEmptyDepartmentName" time="0.11"></testcase>
  <testcase classname="edu.wustl.catissuecore.bizlogic.test.DepartmentTestCases" name="testWithDuplicateDepartmentName" time="0.187"></testcase>
  <testcase classname="edu.wustl.catissuecore.bizlogic.test.CancerResearchGrpTestCases" name="testAddCancerResearchGrp" time="0.078"></testcase>
  <testcase classname="edu.wustl.catissuecore.bizlogic.test.CancerResearchGrpTestCases" name="testSearchCancerResearchGrp" time="0.157"></testcase>
  <testcase classname="edu.wustl.catissuecore.bizlogic.test.CancerResearchGrpTestCases" name="testUpdateCancerResearchGrp" time="0.125"></testcase>
  <testcase classname="edu.wustl.catissuecore.bizlogic.test.CancerResearchGrpTestCases" name="testWithEmptyCRGName" time="0.156"></testcase>
  <testcase classname="edu.wustl.catissuecore.bizlogic.test.CancerResearchGrpTestCases" name="testWithDuplicateCRGName" time="0.172"></testcase>
  <testcase classname="edu.wustl.catissuecore.bizlogic.test.SiteTestCases" name="testAddSite" time="0.609"></testcase>
  <testcase classname="edu.wustl.catissuecore.bizlogic.test.SiteTestCases" name="testSearchSite" time="0.359"></testcase>
  <testcase classname="edu.wustl.catissuecore.bizlogic.test.SiteTestCases" name="testUpdateSite" time="0.422"></testcase>
  <testcase classname="edu.wustl.catissuecore.bizlogic.test.SiteTestCases" name="testWithEmptySiteName" time="0.078"></testcase>
  <testcase classname="edu.wustl.catissuecore.bizlogic.test.SiteTestCases" name="testWithDuplicateSiteName" time="0.359"></testcase>
  <testcase classname="edu.wustl.catissuecore.bizlogic.test.SiteTestCases" name="testWithInvalidSiteType" time="0.079"></testcase>
  <testcase classname="edu.wustl.catissuecore.bizlogic.test.SiteTestCases" name="testWithInvalidSiteActivityStatus" time="0.062"></testcase>
  <testcase classname="edu.wustl.catissuecore.bizlogic.test.SiteTestCases" name="testWithInvalidCordinatorInSite" time="0.047"></testcase>
  <testcase classname="edu.wustl.catissuecore.bizlogic.test.BioHazardTestCases" name="testAddBioHazard" time="0.156"></testcase>
  <testcase classname="edu.wustl.catissuecore.bizlogic.test.BioHazardTestCases" name="testUpdateBioHazard" time="0.266"></testcase>
  <testcase classname="edu.wustl.catissuecore.bizlogic.test.BioHazardTestCases" name="testWithEmptyBioHazardName" time="0.078"></testcase>
  <testcase classname="edu.wustl.catissuecore.bizlogic.test.BioHazardTestCases" name="testWithDuplicateBioHazardName" time="0.125"></testcase>
  <testcase classname="edu.wustl.catissuecore.bizlogic.test.BioHazardTestCases" name="testInvalidBioHazardType" time="0.078"></testcase>
  <testcase classname="edu.wustl.catissuecore.bizlogic.test.BioHazardTestCases" name="testNullDomainObjectInInsert_BioHazard" time="0.031"></testcase>
  <testcase classname="edu.wustl.catissuecore.bizlogic.test.BioHazardTestCases" name="testNullSessionDataBeanInInsert_BioHazard" time="0.031"></testcase>
  <testcase classname="edu.wustl.catissuecore.bizlogic.test.BioHazardTestCases" name="testWrongDaoTypeInInsert_BioHazard" time="0.078"></testcase>
  <testcase classname="edu.wustl.catissuecore.bizlogic.test.BioHazardTestCases" name="testNullSessionDataBeanInUpdate_BioHazard" time="0.032"></testcase>
  <testcase classname="edu.wustl.catissuecore.bizlogic.test.BioHazardTestCases" name="testNullOldDomainObjectInUpdate_BioHazard" time="0.031"></testcase>
  <testcase classname="edu.wustl.catissuecore.bizlogic.test.BioHazardTestCases" name="testNullCurrentDomainObjectInUpdate_BioHazard" time="0.016"></testcase>
  <testcase classname="edu.wustl.catissuecore.bizlogic.test.BioHazardTestCases" name="testEmptyCurrentDomainObjectInUpdate_BioHazard" time="0.062"></testcase>
  <testcase classname="edu.wustl.catissuecore.bizlogic.test.BioHazardTestCases" name="testEmptyOldDomainObjectInUpdate_BioHazard" time="0.016"></testcase>
  <testcase classname="edu.wustl.catissuecore.bizlogic.test.BioHazardTestCases" name="testNullDomainObjectInRetrieve_BioHazard" time="0.031"></testcase>
  <testcase classname="edu.wustl.catissuecore.bizlogic.test.CollectionProtocolTestCases" name="testAddCollectionProtocol" time="1.031"></testcase>
  <testcase classname="edu.wustl.catissuecore.bizlogic.test.ParticipantTestCases" name="testAddParticipantWithCPR" time="1.687"></testcase>
  <testcase classname="edu.wustl.catissuecore.bizlogic.test.ParticipantTestCases" name="testSearchParticipant" time="0.235"></testcase>
  <testcase classname="edu.wustl.catissuecore.bizlogic.test.ParticipantTestCases" name="testUpdateParticipant" time="2.202"></testcase>
  <testcase classname="edu.wustl.catissuecore.bizlogic.test.ParticipantTestCases" name="testCollectedSCGAndNoOfChildSpecimens" time="1.516"></testcase>
  <testcase classname="edu.wustl.catissuecore.bizlogic.test.SpecimenCollectGroupTestCases" name="testUpdateSpecimenCollectionGroupWithConsents" time="0.281"></testcase>
  <testcase classname="edu.wustl.catissuecore.bizlogic.test.StorageTypeTestCases" name="testAddStorageType" time="0.25"></testcase>
  <testcase classname="edu.wustl.catissuecore.bizlogic.test.StorageTypeTestCases" name="testSearchStorageType" time="0.172"></testcase>
  <testcase classname="edu.wustl.catissuecore.bizlogic.test.StorageTypeTestCases" name="testUpdateStorageType" time="0.265"></testcase>
  <testcase classname="edu.wustl.catissuecore.bizlogic.test.StorageTypeTestCases" name="testWithEmptyStorageTypeName" time="0.078"></testcase>
  <testcase classname="edu.wustl.catissuecore.bizlogic.test.StorageTypeTestCases" name="testWithDuplicateStorageTypeName" time="0.344"></testcase>
  <testcase classname="edu.wustl.catissuecore.bizlogic.test.StorageTypeTestCases" name="testWithNegativeDimensionCapacity_StorageType" time="0.125"></testcase>
  <testcase classname="edu.wustl.catissuecore.bizlogic.test.StorageTypeTestCases" name="testWithEmptyDimensionLabel_StorageType" time="0.078"></testcase>
  <testcase classname="edu.wustl.catissuecore.bizlogic.test.StorageContainerTestCases" name="testAddStorageContainer" time="0.5"></testcase>
  <testcase classname="edu.wustl.catissuecore.bizlogic.test.StorageContainerTestCases" name="testSearchStorageContainer" time="0.344"></testcase>
  <testcase classname="edu.wustl.catissuecore.bizlogic.test.StorageContainerTestCases" name="testUpdateStorageContainer" time="0.531"></testcase>
  <testcase classname="edu.wustl.catissuecore.bizlogic.test.DistributionProtocolTestCases" name="testAddDistributionProtocol" time="1.453"></testcase>
  <testcase classname="edu.wustl.catissuecore.bizlogic.test.DistributionProtocolTestCases" name="testSearchDistributionProtocol" time="0.203"></testcase>
  <testcase classname="edu.wustl.catissuecore.bizlogic.test.DistributionProtocolTestCases" name="testDistributionProtocolWithEmptyTitle" time="0.062"></testcase>
  <testcase classname="edu.wustl.catissuecore.bizlogic.test.DistributionProtocolTestCases" name="testDistributionProtocolWithDuplicateTitle" time="0.609"></testcase>
  <testcase classname="edu.wustl.catissuecore.bizlogic.test.DistributionProtocolTestCases" name="testDistributionProtocolWithEmptyShortTitle" time="0.125"></testcase>
  <testcase classname="edu.wustl.catissuecore.bizlogic.test.DistributionProtocolTestCases" name="testDistributionProtocolWithEmptyStartDate" time="0.079"></testcase>
  <testcase classname="edu.wustl.catissuecore.bizlogic.test.DistributionProtocolTestCases" name="testDistributionProtocolWithClosedActivityStatus" time="0.156"></testcase>
  <testcase classname="edu.wustl.catissuecore.bizlogic.test.DistributionProtocolTestCases" name="testDistributionProtocolWithInvalidActivityStatus" time="0.094"></testcase>
  <testcase classname="edu.wustl.catissuecore.bizlogic.test.DistributionProtocolTestCases" name="testDistributionProtocolWithInvalidSpecimenClass" time="0.078"></testcase>
  <testcase classname="edu.wustl.catissuecore.bizlogic.test.DistributionProtocolTestCases" name="testDistributionProtocolWithInvalidSpecimenType" time="0.156"></testcase>
  <testcase classname="edu.wustl.catissuecore.bizlogic.test.DistributionProtocolTestCases" name="testDistributionProtocolWithInvalidTissueSite" time="0.062"></testcase>
  <testcase classname="edu.wustl.catissuecore.bizlogic.test.DistributionProtocolTestCases" name="testDistributionProtocolWithInvalidPathologicalStatus" time="0.047"></testcase>
  <system-out><![CDATA[edu.wustl.catissuecore.domain.User@95c083
Object created successfully
edu.wustl.catissuecore.domain.Institution@5a9de6
Object created successfully
edu.wustl.catissuecore.domain.Institution@7c4c51
edu.wustl.catissuecore.domain.Department@120d62b
Object created successfully
edu.wustl.catissuecore.domain.Department@1c56c60
edu.wustl.catissuecore.domain.CancerResearchGroup@1e1a408
Object created successfully
edu.wustl.catissuecore.domain.CancerResearchGroup@51052d
edu.wustl.catissuecore.domain.Site@fb56b1
Object created successfully
edu.wustl.catissuecore.domain.Site@888e6c
edu.wustl.catissuecore.domain.Site@16c79d7
edu.wustl.catissuecore.domain.Site@16c163f
edu.wustl.catissuecore.domain.Site@1e228bc
EI{id null	Type Toxic	Name bh1193895815137}
SERVER IN writeExternal Biohazard START
SERVER IN writeExternal ExternalIdentifier DONE
SERVER IN readExternal ExternalIdentifier
EI{id 4	Type Toxic	Name bh1193895815137}
Object created successfully
SERVER IN writeExternal Biohazard START
SERVER IN writeExternal ExternalIdentifier DONE
SERVER IN readExternal ExternalIdentifier
EI{id 5	Type Toxic	Name bh1193895815262}
SERVER IN writeExternal Biohazard START
SERVER IN writeExternal ExternalIdentifier DONE
SERVER IN readExternal ExternalIdentifier
EI{id 5	Type Radioactive	Name bh1193895815356}
EI{id null	Type Toxic	Name }
SERVER IN writeExternal Biohazard START
SERVER IN writeExternal ExternalIdentifier DONE
EI{id null	Type Toxic	Name bh1193895815606}
SERVER IN writeExternal Biohazard START
SERVER IN writeExternal ExternalIdentifier DONE
SERVER IN readExternal ExternalIdentifier
EI{id 6	Type Toxic	Name bh1193895815606}
SERVER IN writeExternal Biohazard START
SERVER IN writeExternal ExternalIdentifier DONE
EI{id null	Type Invalid	Name bh1193895815731}
SERVER IN writeExternal Biohazard START
SERVER IN writeExternal ExternalIdentifier DONE
reached setUp
2.0:aliquotCount
2:aliquotMap.size()
2.0:aliquotCount
2:aliquotMap.size()
2.0:aliquotCount
2:aliquotMap.size()
2.0:aliquotCount
2:aliquotMap.size()
edu.wustl.catissuecore.domain.Participant@1855562
Object created successfully
1
Befor
After
edu.wustl.catissuecore.domain.SpecimenCollectionGroup@8a1977: sprObj
edu.wustl.catissuecore.domain.Participant@5e7020: participant
Before Update
Inside Event Parameters
Before Update
true
edu.wustl.catissuecore.domain.StorageType@1b5a40a
Object created successfully
edu.wustl.catissuecore.domain.StorageType@f6398
edu.wustl.catissuecore.domain.StorageType@842e74
edu.wustl.catissuecore.domain.StorageType@15d45d9
edu.wustl.catissuecore.domain.StorageContainer@36ae83
Object created successfully
Before Update
After Update
DP1193895825791 [SR edu.wustl.catissuecore.domain.SpecimenRequirement : DNA | Placenta]
Object created successfully
]]></system-out>
  <system-err><![CDATA[log4j:WARN No appenders could be found for logger (gov.nih.nci.system.applicationservice.ApplicationServiceProvider).
log4j:WARN Please initialize the log4j system properly.
gov.nih.nci.system.applicationservice.ApplicationException: <li><font color="red">Name is required</font></li>
	at gov.nih.nci.system.comm.server.ApplicationServiceServerImpl.handleException(ApplicationServiceServerImpl.java:588)
	at gov.nih.nci.system.comm.server.ApplicationServiceServerImpl.callDelegator(ApplicationServiceServerImpl.java:543)
	at gov.nih.nci.system.comm.server.ApplicationServiceServerImpl.createObject(ApplicationServiceServerImpl.java:320)
	at sun.reflect.GeneratedMethodAccessor179.invoke(Unknown Source)
	at sun.reflect.DelegatingMethodAccessorImpl.invoke(DelegatingMethodAccessorImpl.java:25)
	at java.lang.reflect.Method.invoke(Method.java:585)
	at org.springframework.aop.support.AopUtils.invokeJoinpointUsingReflection(AopUtils.java:287)
	at org.springframework.aop.framework.ReflectiveMethodInvocation.invokeJoinpoint(ReflectiveMethodInvocation.java:155)
	at org.springframework.aop.framework.ReflectiveMethodInvocation.proceed(ReflectiveMethodInvocation.java:122)
	at org.springframework.remoting.support.RemoteInvocationTraceInterceptor.invoke(RemoteInvocationTraceInterceptor.java:68)
	at org.springframework.aop.framework.ReflectiveMethodInvocation.proceed(ReflectiveMethodInvocation.java:144)
	at org.springframework.aop.framework.JdkDynamicAopProxy.invoke(JdkDynamicAopProxy.java:174)
	at $Proxy45.createObject(Unknown Source)
	at sun.reflect.NativeMethodAccessorImpl.invoke0(Native Method)
	at sun.reflect.NativeMethodAccessorImpl.invoke(NativeMethodAccessorImpl.java:39)
	at sun.reflect.DelegatingMethodAccessorImpl.invoke(DelegatingMethodAccessorImpl.java:25)
	at java.lang.reflect.Method.invoke(Method.java:585)
	at org.springframework.remoting.support.RemoteInvocation.invoke(RemoteInvocation.java:179)
	at org.springframework.remoting.support.DefaultRemoteInvocationExecutor.invoke(DefaultRemoteInvocationExecutor.java:32)
	at org.springframework.remoting.support.RemoteInvocationBasedExporter.invoke(RemoteInvocationBasedExporter.java:70)
	at org.springframework.remoting.support.RemoteInvocationBasedExporter.invokeAndCreateResult(RemoteInvocationBasedExporter.java:106)
	at org.springframework.remoting.httpinvoker.HttpInvokerServiceExporter.handleRequest(HttpInvokerServiceExporter.java:80)
	at org.springframework.web.servlet.mvc.SimpleControllerHandlerAdapter.handle(SimpleControllerHandlerAdapter.java:44)
	at org.springframework.web.servlet.DispatcherServlet.doDispatch(DispatcherServlet.java:684)
	at org.springframework.web.servlet.DispatcherServlet.doService(DispatcherServlet.java:625)
	at org.springframework.web.servlet.FrameworkServlet.serviceWrapper(FrameworkServlet.java:386)
	at org.springframework.web.servlet.FrameworkServlet.doPost(FrameworkServlet.java:355)
	at javax.servlet.http.HttpServlet.service(HttpServlet.java:717)
	at javax.servlet.http.HttpServlet.service(HttpServlet.java:810)
	at org.apache.catalina.core.ApplicationFilterChain.internalDoFilter(ApplicationFilterChain.java:237)
	at org.apache.catalina.core.ApplicationFilterChain.doFilter(ApplicationFilterChain.java:157)
	at org.jboss.web.tomcat.filters.ReplyHeaderFilter.doFilter(ReplyHeaderFilter.java:75)
	at org.apache.catalina.core.ApplicationFilterChain.internalDoFilter(ApplicationFilterChain.java:186)
	at org.apache.catalina.core.ApplicationFilterChain.doFilter(ApplicationFilterChain.java:157)
	at org.apache.catalina.core.StandardWrapperValve.invoke(StandardWrapperValve.java:214)
	at org.apache.catalina.core.StandardValveContext.invokeNext(StandardValveContext.java:104)
	at org.apache.catalina.core.StandardPipeline.invoke(StandardPipeline.java:520)
	at org.apache.catalina.core.StandardContextValve.invokeInternal(StandardContextValve.java:198)
	at org.apache.catalina.core.StandardContextValve.invoke(StandardContextValve.java:152)
	at org.apache.catalina.core.StandardValveContext.invokeNext(StandardValveContext.java:104)
	at org.jboss.web.tomcat.security.CustomPrincipalValve.invoke(CustomPrincipalValve.java:44)
	at org.apache.catalina.core.StandardValveContext.invokeNext(StandardValveContext.java:102)
	at org.jboss.web.tomcat.security.SecurityAssociationValve.invoke(SecurityAssociationValve.java:169)
	at org.apache.catalina.core.StandardValveContext.invokeNext(StandardValveContext.java:102)
	at org.apache.catalina.core.StandardPipeline.invoke(StandardPipeline.java:520)
	at org.apache.catalina.core.StandardHostValve.invoke(StandardHostValve.java:137)
	at org.apache.catalina.core.StandardValveContext.invokeNext(StandardValveContext.java:104)
	at org.apache.catalina.valves.ErrorReportValve.invoke(ErrorReportValve.java:118)
	at org.apache.catalina.core.StandardValveContext.invokeNext(StandardValveContext.java:102)
	at org.apache.catalina.core.StandardPipeline.invoke(StandardPipeline.java:520)
	at org.apache.catalina.core.StandardEngineValve.invoke(StandardEngineValve.java:109)
	at org.apache.catalina.core.StandardValveContext.invokeNext(StandardValveContext.java:104)
	at org.apache.catalina.core.StandardPipeline.invoke(StandardPipeline.java:520)
	at org.apache.catalina.core.ContainerBase.invoke(ContainerBase.java:929)
	at org.apache.coyote.tomcat5.CoyoteAdapter.service(CoyoteAdapter.java:160)
	at org.apache.coyote.http11.Http11Processor.process(Http11Processor.java:799)
	at org.apache.coyote.http11.Http11Protocol$Http11ConnectionHandler.processConnection(Http11Protocol.java:705)
	at org.apache.tomcat.util.net.TcpWorkerThread.runIt(PoolTcpEndpoint.java:577)
	at org.apache.tomcat.util.threads.ThreadPool$ControlRunnable.run(ThreadPool.java:683)
	at java.lang.Thread.run(Thread.java:595)
gov.nih.nci.system.applicationservice.ApplicationException: could not insert: [edu.wustl.catissuecore.domain.Institution]
	at gov.nih.nci.system.comm.server.ApplicationServiceServerImpl.handleException(ApplicationServiceServerImpl.java:588)
	at gov.nih.nci.system.comm.server.ApplicationServiceServerImpl.callDelegator(ApplicationServiceServerImpl.java:543)
	at gov.nih.nci.system.comm.server.ApplicationServiceServerImpl.createObject(ApplicationServiceServerImpl.java:320)
	at sun.reflect.GeneratedMethodAccessor179.invoke(Unknown Source)
	at sun.reflect.DelegatingMethodAccessorImpl.invoke(DelegatingMethodAccessorImpl.java:25)
	at java.lang.reflect.Method.invoke(Method.java:585)
	at org.springframework.aop.support.AopUtils.invokeJoinpointUsingReflection(AopUtils.java:287)
	at org.springframework.aop.framework.ReflectiveMethodInvocation.invokeJoinpoint(ReflectiveMethodInvocation.java:155)
	at org.springframework.aop.framework.ReflectiveMethodInvocation.proceed(ReflectiveMethodInvocation.java:122)
	at org.springframework.remoting.support.RemoteInvocationTraceInterceptor.invoke(RemoteInvocationTraceInterceptor.java:68)
	at org.springframework.aop.framework.ReflectiveMethodInvocation.proceed(ReflectiveMethodInvocation.java:144)
	at org.springframework.aop.framework.JdkDynamicAopProxy.invoke(JdkDynamicAopProxy.java:174)
	at $Proxy45.createObject(Unknown Source)
	at sun.reflect.NativeMethodAccessorImpl.invoke0(Native Method)
	at sun.reflect.NativeMethodAccessorImpl.invoke(NativeMethodAccessorImpl.java:39)
	at sun.reflect.DelegatingMethodAccessorImpl.invoke(DelegatingMethodAccessorImpl.java:25)
	at java.lang.reflect.Method.invoke(Method.java:585)
	at org.springframework.remoting.support.RemoteInvocation.invoke(RemoteInvocation.java:179)
	at org.springframework.remoting.support.DefaultRemoteInvocationExecutor.invoke(DefaultRemoteInvocationExecutor.java:32)
	at org.springframework.remoting.support.RemoteInvocationBasedExporter.invoke(RemoteInvocationBasedExporter.java:70)
	at org.springframework.remoting.support.RemoteInvocationBasedExporter.invokeAndCreateResult(RemoteInvocationBasedExporter.java:106)
	at org.springframework.remoting.httpinvoker.HttpInvokerServiceExporter.handleRequest(HttpInvokerServiceExporter.java:80)
	at org.springframework.web.servlet.mvc.SimpleControllerHandlerAdapter.handle(SimpleControllerHandlerAdapter.java:44)
	at org.springframework.web.servlet.DispatcherServlet.doDispatch(DispatcherServlet.java:684)
	at org.springframework.web.servlet.DispatcherServlet.doService(DispatcherServlet.java:625)
	at org.springframework.web.servlet.FrameworkServlet.serviceWrapper(FrameworkServlet.java:386)
	at org.springframework.web.servlet.FrameworkServlet.doPost(FrameworkServlet.java:355)
	at javax.servlet.http.HttpServlet.service(HttpServlet.java:717)
	at javax.servlet.http.HttpServlet.service(HttpServlet.java:810)
	at org.apache.catalina.core.ApplicationFilterChain.internalDoFilter(ApplicationFilterChain.java:237)
	at org.apache.catalina.core.ApplicationFilterChain.doFilter(ApplicationFilterChain.java:157)
	at org.jboss.web.tomcat.filters.ReplyHeaderFilter.doFilter(ReplyHeaderFilter.java:75)
	at org.apache.catalina.core.ApplicationFilterChain.internalDoFilter(ApplicationFilterChain.java:186)
	at org.apache.catalina.core.ApplicationFilterChain.doFilter(ApplicationFilterChain.java:157)
	at org.apache.catalina.core.StandardWrapperValve.invoke(StandardWrapperValve.java:214)
	at org.apache.catalina.core.StandardValveContext.invokeNext(StandardValveContext.java:104)
	at org.apache.catalina.core.StandardPipeline.invoke(StandardPipeline.java:520)
	at org.apache.catalina.core.StandardContextValve.invokeInternal(StandardContextValve.java:198)
	at org.apache.catalina.core.StandardContextValve.invoke(StandardContextValve.java:152)
	at org.apache.catalina.core.StandardValveContext.invokeNext(StandardValveContext.java:104)
	at org.jboss.web.tomcat.security.CustomPrincipalValve.invoke(CustomPrincipalValve.java:44)
	at org.apache.catalina.core.StandardValveContext.invokeNext(StandardValveContext.java:102)
	at org.jboss.web.tomcat.security.SecurityAssociationValve.invoke(SecurityAssociationValve.java:169)
	at org.apache.catalina.core.StandardValveContext.invokeNext(StandardValveContext.java:102)
	at org.apache.catalina.core.StandardPipeline.invoke(StandardPipeline.java:520)
	at org.apache.catalina.core.StandardHostValve.invoke(StandardHostValve.java:137)
	at org.apache.catalina.core.StandardValveContext.invokeNext(StandardValveContext.java:104)
	at org.apache.catalina.valves.ErrorReportValve.invoke(ErrorReportValve.java:118)
	at org.apache.catalina.core.StandardValveContext.invokeNext(StandardValveContext.java:102)
	at org.apache.catalina.core.StandardPipeline.invoke(StandardPipeline.java:520)
	at org.apache.catalina.core.StandardEngineValve.invoke(StandardEngineValve.java:109)
	at org.apache.catalina.core.StandardValveContext.invokeNext(StandardValveContext.java:104)
	at org.apache.catalina.core.StandardPipeline.invoke(StandardPipeline.java:520)
	at org.apache.catalina.core.ContainerBase.invoke(ContainerBase.java:929)
	at org.apache.coyote.tomcat5.CoyoteAdapter.service(CoyoteAdapter.java:160)
	at org.apache.coyote.http11.Http11Processor.process(Http11Processor.java:799)
	at org.apache.coyote.http11.Http11Protocol$Http11ConnectionHandler.processConnection(Http11Protocol.java:705)
	at org.apache.tomcat.util.net.TcpWorkerThread.runIt(PoolTcpEndpoint.java:577)
	at org.apache.tomcat.util.threads.ThreadPool$ControlRunnable.run(ThreadPool.java:683)
	at java.lang.Thread.run(Thread.java:595)
gov.nih.nci.system.applicationservice.ApplicationException: <li><font color="red">Name is required</font></li>
	at gov.nih.nci.system.comm.server.ApplicationServiceServerImpl.handleException(ApplicationServiceServerImpl.java:588)
	at gov.nih.nci.system.comm.server.ApplicationServiceServerImpl.callDelegator(ApplicationServiceServerImpl.java:543)
	at gov.nih.nci.system.comm.server.ApplicationServiceServerImpl.createObject(ApplicationServiceServerImpl.java:320)
	at sun.reflect.GeneratedMethodAccessor179.invoke(Unknown Source)
	at sun.reflect.DelegatingMethodAccessorImpl.invoke(DelegatingMethodAccessorImpl.java:25)
	at java.lang.reflect.Method.invoke(Method.java:585)
	at org.springframework.aop.support.AopUtils.invokeJoinpointUsingReflection(AopUtils.java:287)
	at org.springframework.aop.framework.ReflectiveMethodInvocation.invokeJoinpoint(ReflectiveMethodInvocation.java:155)
	at org.springframework.aop.framework.ReflectiveMethodInvocation.proceed(ReflectiveMethodInvocation.java:122)
	at org.springframework.remoting.support.RemoteInvocationTraceInterceptor.invoke(RemoteInvocationTraceInterceptor.java:68)
	at org.springframework.aop.framework.ReflectiveMethodInvocation.proceed(ReflectiveMethodInvocation.java:144)
	at org.springframework.aop.framework.JdkDynamicAopProxy.invoke(JdkDynamicAopProxy.java:174)
	at $Proxy45.createObject(Unknown Source)
	at sun.reflect.NativeMethodAccessorImpl.invoke0(Native Method)
	at sun.reflect.NativeMethodAccessorImpl.invoke(NativeMethodAccessorImpl.java:39)
	at sun.reflect.DelegatingMethodAccessorImpl.invoke(DelegatingMethodAccessorImpl.java:25)
	at java.lang.reflect.Method.invoke(Method.java:585)
	at org.springframework.remoting.support.RemoteInvocation.invoke(RemoteInvocation.java:179)
	at org.springframework.remoting.support.DefaultRemoteInvocationExecutor.invoke(DefaultRemoteInvocationExecutor.java:32)
	at org.springframework.remoting.support.RemoteInvocationBasedExporter.invoke(RemoteInvocationBasedExporter.java:70)
	at org.springframework.remoting.support.RemoteInvocationBasedExporter.invokeAndCreateResult(RemoteInvocationBasedExporter.java:106)
	at org.springframework.remoting.httpinvoker.HttpInvokerServiceExporter.handleRequest(HttpInvokerServiceExporter.java:80)
	at org.springframework.web.servlet.mvc.SimpleControllerHandlerAdapter.handle(SimpleControllerHandlerAdapter.java:44)
	at org.springframework.web.servlet.DispatcherServlet.doDispatch(DispatcherServlet.java:684)
	at org.springframework.web.servlet.DispatcherServlet.doService(DispatcherServlet.java:625)
	at org.springframework.web.servlet.FrameworkServlet.serviceWrapper(FrameworkServlet.java:386)
	at org.springframework.web.servlet.FrameworkServlet.doPost(FrameworkServlet.java:355)
	at javax.servlet.http.HttpServlet.service(HttpServlet.java:717)
	at javax.servlet.http.HttpServlet.service(HttpServlet.java:810)
	at org.apache.catalina.core.ApplicationFilterChain.internalDoFilter(ApplicationFilterChain.java:237)
	at org.apache.catalina.core.ApplicationFilterChain.doFilter(ApplicationFilterChain.java:157)
	at org.jboss.web.tomcat.filters.ReplyHeaderFilter.doFilter(ReplyHeaderFilter.java:75)
	at org.apache.catalina.core.ApplicationFilterChain.internalDoFilter(ApplicationFilterChain.java:186)
	at org.apache.catalina.core.ApplicationFilterChain.doFilter(ApplicationFilterChain.java:157)
	at org.apache.catalina.core.StandardWrapperValve.invoke(StandardWrapperValve.java:214)
	at org.apache.catalina.core.StandardValveContext.invokeNext(StandardValveContext.java:104)
	at org.apache.catalina.core.StandardPipeline.invoke(StandardPipeline.java:520)
	at org.apache.catalina.core.StandardContextValve.invokeInternal(StandardContextValve.java:198)
	at org.apache.catalina.core.StandardContextValve.invoke(StandardContextValve.java:152)
	at org.apache.catalina.core.StandardValveContext.invokeNext(StandardValveContext.java:104)
	at org.jboss.web.tomcat.security.CustomPrincipalValve.invoke(CustomPrincipalValve.java:44)
	at org.apache.catalina.core.StandardValveContext.invokeNext(StandardValveContext.java:102)
	at org.jboss.web.tomcat.security.SecurityAssociationValve.invoke(SecurityAssociationValve.java:169)
	at org.apache.catalina.core.StandardValveContext.invokeNext(StandardValveContext.java:102)
	at org.apache.catalina.core.StandardPipeline.invoke(StandardPipeline.java:520)
	at org.apache.catalina.core.StandardHostValve.invoke(StandardHostValve.java:137)
	at org.apache.catalina.core.StandardValveContext.invokeNext(StandardValveContext.java:104)
	at org.apache.catalina.valves.ErrorReportValve.invoke(ErrorReportValve.java:118)
	at org.apache.catalina.core.StandardValveContext.invokeNext(StandardValveContext.java:102)
	at org.apache.catalina.core.StandardPipeline.invoke(StandardPipeline.java:520)
	at org.apache.catalina.core.StandardEngineValve.invoke(StandardEngineValve.java:109)
	at org.apache.catalina.core.StandardValveContext.invokeNext(StandardValveContext.java:104)
	at org.apache.catalina.core.StandardPipeline.invoke(StandardPipeline.java:520)
	at org.apache.catalina.core.ContainerBase.invoke(ContainerBase.java:929)
	at org.apache.coyote.tomcat5.CoyoteAdapter.service(CoyoteAdapter.java:160)
	at org.apache.coyote.http11.Http11Processor.process(Http11Processor.java:799)
	at org.apache.coyote.http11.Http11Protocol$Http11ConnectionHandler.processConnection(Http11Protocol.java:705)
	at org.apache.tomcat.util.net.TcpWorkerThread.runIt(PoolTcpEndpoint.java:577)
	at org.apache.tomcat.util.threads.ThreadPool$ControlRunnable.run(ThreadPool.java:683)
	at java.lang.Thread.run(Thread.java:595)
gov.nih.nci.system.applicationservice.ApplicationException: could not insert: [edu.wustl.catissuecore.domain.Department]
	at gov.nih.nci.system.comm.server.ApplicationServiceServerImpl.handleException(ApplicationServiceServerImpl.java:588)
	at gov.nih.nci.system.comm.server.ApplicationServiceServerImpl.callDelegator(ApplicationServiceServerImpl.java:543)
	at gov.nih.nci.system.comm.server.ApplicationServiceServerImpl.createObject(ApplicationServiceServerImpl.java:320)
	at sun.reflect.GeneratedMethodAccessor179.invoke(Unknown Source)
	at sun.reflect.DelegatingMethodAccessorImpl.invoke(DelegatingMethodAccessorImpl.java:25)
	at java.lang.reflect.Method.invoke(Method.java:585)
	at org.springframework.aop.support.AopUtils.invokeJoinpointUsingReflection(AopUtils.java:287)
	at org.springframework.aop.framework.ReflectiveMethodInvocation.invokeJoinpoint(ReflectiveMethodInvocation.java:155)
	at org.springframework.aop.framework.ReflectiveMethodInvocation.proceed(ReflectiveMethodInvocation.java:122)
	at org.springframework.remoting.support.RemoteInvocationTraceInterceptor.invoke(RemoteInvocationTraceInterceptor.java:68)
	at org.springframework.aop.framework.ReflectiveMethodInvocation.proceed(ReflectiveMethodInvocation.java:144)
	at org.springframework.aop.framework.JdkDynamicAopProxy.invoke(JdkDynamicAopProxy.java:174)
	at $Proxy45.createObject(Unknown Source)
	at sun.reflect.NativeMethodAccessorImpl.invoke0(Native Method)
	at sun.reflect.NativeMethodAccessorImpl.invoke(NativeMethodAccessorImpl.java:39)
	at sun.reflect.DelegatingMethodAccessorImpl.invoke(DelegatingMethodAccessorImpl.java:25)
	at java.lang.reflect.Method.invoke(Method.java:585)
	at org.springframework.remoting.support.RemoteInvocation.invoke(RemoteInvocation.java:179)
	at org.springframework.remoting.support.DefaultRemoteInvocationExecutor.invoke(DefaultRemoteInvocationExecutor.java:32)
	at org.springframework.remoting.support.RemoteInvocationBasedExporter.invoke(RemoteInvocationBasedExporter.java:70)
	at org.springframework.remoting.support.RemoteInvocationBasedExporter.invokeAndCreateResult(RemoteInvocationBasedExporter.java:106)
	at org.springframework.remoting.httpinvoker.HttpInvokerServiceExporter.handleRequest(HttpInvokerServiceExporter.java:80)
	at org.springframework.web.servlet.mvc.SimpleControllerHandlerAdapter.handle(SimpleControllerHandlerAdapter.java:44)
	at org.springframework.web.servlet.DispatcherServlet.doDispatch(DispatcherServlet.java:684)
	at org.springframework.web.servlet.DispatcherServlet.doService(DispatcherServlet.java:625)
	at org.springframework.web.servlet.FrameworkServlet.serviceWrapper(FrameworkServlet.java:386)
	at org.springframework.web.servlet.FrameworkServlet.doPost(FrameworkServlet.java:355)
	at javax.servlet.http.HttpServlet.service(HttpServlet.java:717)
	at javax.servlet.http.HttpServlet.service(HttpServlet.java:810)
	at org.apache.catalina.core.ApplicationFilterChain.internalDoFilter(ApplicationFilterChain.java:237)
	at org.apache.catalina.core.ApplicationFilterChain.doFilter(ApplicationFilterChain.java:157)
	at org.jboss.web.tomcat.filters.ReplyHeaderFilter.doFilter(ReplyHeaderFilter.java:75)
	at org.apache.catalina.core.ApplicationFilterChain.internalDoFilter(ApplicationFilterChain.java:186)
	at org.apache.catalina.core.ApplicationFilterChain.doFilter(ApplicationFilterChain.java:157)
	at org.apache.catalina.core.StandardWrapperValve.invoke(StandardWrapperValve.java:214)
	at org.apache.catalina.core.StandardValveContext.invokeNext(StandardValveContext.java:104)
	at org.apache.catalina.core.StandardPipeline.invoke(StandardPipeline.java:520)
	at org.apache.catalina.core.StandardContextValve.invokeInternal(StandardContextValve.java:198)
	at org.apache.catalina.core.StandardContextValve.invoke(StandardContextValve.java:152)
	at org.apache.catalina.core.StandardValveContext.invokeNext(StandardValveContext.java:104)
	at org.jboss.web.tomcat.security.CustomPrincipalValve.invoke(CustomPrincipalValve.java:44)
	at org.apache.catalina.core.StandardValveContext.invokeNext(StandardValveContext.java:102)
	at org.jboss.web.tomcat.security.SecurityAssociationValve.invoke(SecurityAssociationValve.java:169)
	at org.apache.catalina.core.StandardValveContext.invokeNext(StandardValveContext.java:102)
	at org.apache.catalina.core.StandardPipeline.invoke(StandardPipeline.java:520)
	at org.apache.catalina.core.StandardHostValve.invoke(StandardHostValve.java:137)
	at org.apache.catalina.core.StandardValveContext.invokeNext(StandardValveContext.java:104)
	at org.apache.catalina.valves.ErrorReportValve.invoke(ErrorReportValve.java:118)
	at org.apache.catalina.core.StandardValveContext.invokeNext(StandardValveContext.java:102)
	at org.apache.catalina.core.StandardPipeline.invoke(StandardPipeline.java:520)
	at org.apache.catalina.core.StandardEngineValve.invoke(StandardEngineValve.java:109)
	at org.apache.catalina.core.StandardValveContext.invokeNext(StandardValveContext.java:104)
	at org.apache.catalina.core.StandardPipeline.invoke(StandardPipeline.java:520)
	at org.apache.catalina.core.ContainerBase.invoke(ContainerBase.java:929)
	at org.apache.coyote.tomcat5.CoyoteAdapter.service(CoyoteAdapter.java:160)
	at org.apache.coyote.http11.Http11Processor.process(Http11Processor.java:799)
	at org.apache.coyote.http11.Http11Protocol$Http11ConnectionHandler.processConnection(Http11Protocol.java:705)
	at org.apache.tomcat.util.net.TcpWorkerThread.runIt(PoolTcpEndpoint.java:577)
	at org.apache.tomcat.util.threads.ThreadPool$ControlRunnable.run(ThreadPool.java:683)
	at java.lang.Thread.run(Thread.java:595)
gov.nih.nci.system.applicationservice.ApplicationException: <li><font color="red">Name is required</font></li>
	at gov.nih.nci.system.comm.server.ApplicationServiceServerImpl.handleException(ApplicationServiceServerImpl.java:588)
	at gov.nih.nci.system.comm.server.ApplicationServiceServerImpl.callDelegator(ApplicationServiceServerImpl.java:543)
	at gov.nih.nci.system.comm.server.ApplicationServiceServerImpl.createObject(ApplicationServiceServerImpl.java:320)
	at sun.reflect.GeneratedMethodAccessor179.invoke(Unknown Source)
	at sun.reflect.DelegatingMethodAccessorImpl.invoke(DelegatingMethodAccessorImpl.java:25)
	at java.lang.reflect.Method.invoke(Method.java:585)
	at org.springframework.aop.support.AopUtils.invokeJoinpointUsingReflection(AopUtils.java:287)
	at org.springframework.aop.framework.ReflectiveMethodInvocation.invokeJoinpoint(ReflectiveMethodInvocation.java:155)
	at org.springframework.aop.framework.ReflectiveMethodInvocation.proceed(ReflectiveMethodInvocation.java:122)
	at org.springframework.remoting.support.RemoteInvocationTraceInterceptor.invoke(RemoteInvocationTraceInterceptor.java:68)
	at org.springframework.aop.framework.ReflectiveMethodInvocation.proceed(ReflectiveMethodInvocation.java:144)
	at org.springframework.aop.framework.JdkDynamicAopProxy.invoke(JdkDynamicAopProxy.java:174)
	at $Proxy45.createObject(Unknown Source)
	at sun.reflect.NativeMethodAccessorImpl.invoke0(Native Method)
	at sun.reflect.NativeMethodAccessorImpl.invoke(NativeMethodAccessorImpl.java:39)
	at sun.reflect.DelegatingMethodAccessorImpl.invoke(DelegatingMethodAccessorImpl.java:25)
	at java.lang.reflect.Method.invoke(Method.java:585)
	at org.springframework.remoting.support.RemoteInvocation.invoke(RemoteInvocation.java:179)
	at org.springframework.remoting.support.DefaultRemoteInvocationExecutor.invoke(DefaultRemoteInvocationExecutor.java:32)
	at org.springframework.remoting.support.RemoteInvocationBasedExporter.invoke(RemoteInvocationBasedExporter.java:70)
	at org.springframework.remoting.support.RemoteInvocationBasedExporter.invokeAndCreateResult(RemoteInvocationBasedExporter.java:106)
	at org.springframework.remoting.httpinvoker.HttpInvokerServiceExporter.handleRequest(HttpInvokerServiceExporter.java:80)
	at org.springframework.web.servlet.mvc.SimpleControllerHandlerAdapter.handle(SimpleControllerHandlerAdapter.java:44)
	at org.springframework.web.servlet.DispatcherServlet.doDispatch(DispatcherServlet.java:684)
	at org.springframework.web.servlet.DispatcherServlet.doService(DispatcherServlet.java:625)
	at org.springframework.web.servlet.FrameworkServlet.serviceWrapper(FrameworkServlet.java:386)
	at org.springframework.web.servlet.FrameworkServlet.doPost(FrameworkServlet.java:355)
	at javax.servlet.http.HttpServlet.service(HttpServlet.java:717)
	at javax.servlet.http.HttpServlet.service(HttpServlet.java:810)
	at org.apache.catalina.core.ApplicationFilterChain.internalDoFilter(ApplicationFilterChain.java:237)
	at org.apache.catalina.core.ApplicationFilterChain.doFilter(ApplicationFilterChain.java:157)
	at org.jboss.web.tomcat.filters.ReplyHeaderFilter.doFilter(ReplyHeaderFilter.java:75)
	at org.apache.catalina.core.ApplicationFilterChain.internalDoFilter(ApplicationFilterChain.java:186)
	at org.apache.catalina.core.ApplicationFilterChain.doFilter(ApplicationFilterChain.java:157)
	at org.apache.catalina.core.StandardWrapperValve.invoke(StandardWrapperValve.java:214)
	at org.apache.catalina.core.StandardValveContext.invokeNext(StandardValveContext.java:104)
	at org.apache.catalina.core.StandardPipeline.invoke(StandardPipeline.java:520)
	at org.apache.catalina.core.StandardContextValve.invokeInternal(StandardContextValve.java:198)
	at org.apache.catalina.core.StandardContextValve.invoke(StandardContextValve.java:152)
	at org.apache.catalina.core.StandardValveContext.invokeNext(StandardValveContext.java:104)
	at org.jboss.web.tomcat.security.CustomPrincipalValve.invoke(CustomPrincipalValve.java:44)
	at org.apache.catalina.core.StandardValveContext.invokeNext(StandardValveContext.java:102)
	at org.jboss.web.tomcat.security.SecurityAssociationValve.invoke(SecurityAssociationValve.java:169)
	at org.apache.catalina.core.StandardValveContext.invokeNext(StandardValveContext.java:102)
	at org.apache.catalina.core.StandardPipeline.invoke(StandardPipeline.java:520)
	at org.apache.catalina.core.StandardHostValve.invoke(StandardHostValve.java:137)
	at org.apache.catalina.core.StandardValveContext.invokeNext(StandardValveContext.java:104)
	at org.apache.catalina.valves.ErrorReportValve.invoke(ErrorReportValve.java:118)
	at org.apache.catalina.core.StandardValveContext.invokeNext(StandardValveContext.java:102)
	at org.apache.catalina.core.StandardPipeline.invoke(StandardPipeline.java:520)
	at org.apache.catalina.core.StandardEngineValve.invoke(StandardEngineValve.java:109)
	at org.apache.catalina.core.StandardValveContext.invokeNext(StandardValveContext.java:104)
	at org.apache.catalina.core.StandardPipeline.invoke(StandardPipeline.java:520)
	at org.apache.catalina.core.ContainerBase.invoke(ContainerBase.java:929)
	at org.apache.coyote.tomcat5.CoyoteAdapter.service(CoyoteAdapter.java:160)
	at org.apache.coyote.http11.Http11Processor.process(Http11Processor.java:799)
	at org.apache.coyote.http11.Http11Protocol$Http11ConnectionHandler.processConnection(Http11Protocol.java:705)
	at org.apache.tomcat.util.net.TcpWorkerThread.runIt(PoolTcpEndpoint.java:577)
	at org.apache.tomcat.util.threads.ThreadPool$ControlRunnable.run(ThreadPool.java:683)
	at java.lang.Thread.run(Thread.java:595)
gov.nih.nci.system.applicationservice.ApplicationException: could not insert: [edu.wustl.catissuecore.domain.CancerResearchGroup]
	at gov.nih.nci.system.comm.server.ApplicationServiceServerImpl.handleException(ApplicationServiceServerImpl.java:588)
	at gov.nih.nci.system.comm.server.ApplicationServiceServerImpl.callDelegator(ApplicationServiceServerImpl.java:543)
	at gov.nih.nci.system.comm.server.ApplicationServiceServerImpl.createObject(ApplicationServiceServerImpl.java:320)
	at sun.reflect.GeneratedMethodAccessor179.invoke(Unknown Source)
	at sun.reflect.DelegatingMethodAccessorImpl.invoke(DelegatingMethodAccessorImpl.java:25)
	at java.lang.reflect.Method.invoke(Method.java:585)
	at org.springframework.aop.support.AopUtils.invokeJoinpointUsingReflection(AopUtils.java:287)
	at org.springframework.aop.framework.ReflectiveMethodInvocation.invokeJoinpoint(ReflectiveMethodInvocation.java:155)
	at org.springframework.aop.framework.ReflectiveMethodInvocation.proceed(ReflectiveMethodInvocation.java:122)
	at org.springframework.remoting.support.RemoteInvocationTraceInterceptor.invoke(RemoteInvocationTraceInterceptor.java:68)
	at org.springframework.aop.framework.ReflectiveMethodInvocation.proceed(ReflectiveMethodInvocation.java:144)
	at org.springframework.aop.framework.JdkDynamicAopProxy.invoke(JdkDynamicAopProxy.java:174)
	at $Proxy45.createObject(Unknown Source)
	at sun.reflect.NativeMethodAccessorImpl.invoke0(Native Method)
	at sun.reflect.NativeMethodAccessorImpl.invoke(NativeMethodAccessorImpl.java:39)
	at sun.reflect.DelegatingMethodAccessorImpl.invoke(DelegatingMethodAccessorImpl.java:25)
	at java.lang.reflect.Method.invoke(Method.java:585)
	at org.springframework.remoting.support.RemoteInvocation.invoke(RemoteInvocation.java:179)
	at org.springframework.remoting.support.DefaultRemoteInvocationExecutor.invoke(DefaultRemoteInvocationExecutor.java:32)
	at org.springframework.remoting.support.RemoteInvocationBasedExporter.invoke(RemoteInvocationBasedExporter.java:70)
	at org.springframework.remoting.support.RemoteInvocationBasedExporter.invokeAndCreateResult(RemoteInvocationBasedExporter.java:106)
	at org.springframework.remoting.httpinvoker.HttpInvokerServiceExporter.handleRequest(HttpInvokerServiceExporter.java:80)
	at org.springframework.web.servlet.mvc.SimpleControllerHandlerAdapter.handle(SimpleControllerHandlerAdapter.java:44)
	at org.springframework.web.servlet.DispatcherServlet.doDispatch(DispatcherServlet.java:684)
	at org.springframework.web.servlet.DispatcherServlet.doService(DispatcherServlet.java:625)
	at org.springframework.web.servlet.FrameworkServlet.serviceWrapper(FrameworkServlet.java:386)
	at org.springframework.web.servlet.FrameworkServlet.doPost(FrameworkServlet.java:355)
	at javax.servlet.http.HttpServlet.service(HttpServlet.java:717)
	at javax.servlet.http.HttpServlet.service(HttpServlet.java:810)
	at org.apache.catalina.core.ApplicationFilterChain.internalDoFilter(ApplicationFilterChain.java:237)
	at org.apache.catalina.core.ApplicationFilterChain.doFilter(ApplicationFilterChain.java:157)
	at org.jboss.web.tomcat.filters.ReplyHeaderFilter.doFilter(ReplyHeaderFilter.java:75)
	at org.apache.catalina.core.ApplicationFilterChain.internalDoFilter(ApplicationFilterChain.java:186)
	at org.apache.catalina.core.ApplicationFilterChain.doFilter(ApplicationFilterChain.java:157)
	at org.apache.catalina.core.StandardWrapperValve.invoke(StandardWrapperValve.java:214)
	at org.apache.catalina.core.StandardValveContext.invokeNext(StandardValveContext.java:104)
	at org.apache.catalina.core.StandardPipeline.invoke(StandardPipeline.java:520)
	at org.apache.catalina.core.StandardContextValve.invokeInternal(StandardContextValve.java:198)
	at org.apache.catalina.core.StandardContextValve.invoke(StandardContextValve.java:152)
	at org.apache.catalina.core.StandardValveContext.invokeNext(StandardValveContext.java:104)
	at org.jboss.web.tomcat.security.CustomPrincipalValve.invoke(CustomPrincipalValve.java:44)
	at org.apache.catalina.core.StandardValveContext.invokeNext(StandardValveContext.java:102)
	at org.jboss.web.tomcat.security.SecurityAssociationValve.invoke(SecurityAssociationValve.java:169)
	at org.apache.catalina.core.StandardValveContext.invokeNext(StandardValveContext.java:102)
	at org.apache.catalina.core.StandardPipeline.invoke(StandardPipeline.java:520)
	at org.apache.catalina.core.StandardHostValve.invoke(StandardHostValve.java:137)
	at org.apache.catalina.core.StandardValveContext.invokeNext(StandardValveContext.java:104)
	at org.apache.catalina.valves.ErrorReportValve.invoke(ErrorReportValve.java:118)
	at org.apache.catalina.core.StandardValveContext.invokeNext(StandardValveContext.java:102)
	at org.apache.catalina.core.StandardPipeline.invoke(StandardPipeline.java:520)
	at org.apache.catalina.core.StandardEngineValve.invoke(StandardEngineValve.java:109)
	at org.apache.catalina.core.StandardValveContext.invokeNext(StandardValveContext.java:104)
	at org.apache.catalina.core.StandardPipeline.invoke(StandardPipeline.java:520)
	at org.apache.catalina.core.ContainerBase.invoke(ContainerBase.java:929)
	at org.apache.coyote.tomcat5.CoyoteAdapter.service(CoyoteAdapter.java:160)
	at org.apache.coyote.http11.Http11Processor.process(Http11Processor.java:799)
	at org.apache.coyote.http11.Http11Protocol$Http11ConnectionHandler.processConnection(Http11Protocol.java:705)
	at org.apache.tomcat.util.net.TcpWorkerThread.runIt(PoolTcpEndpoint.java:577)
	at org.apache.tomcat.util.threads.ThreadPool$ControlRunnable.run(ThreadPool.java:683)
	at java.lang.Thread.run(Thread.java:595)
gov.nih.nci.system.applicationservice.ApplicationException: <li><font color="red">Name is required</font></li>
	at gov.nih.nci.system.comm.server.ApplicationServiceServerImpl.handleException(ApplicationServiceServerImpl.java:588)
	at gov.nih.nci.system.comm.server.ApplicationServiceServerImpl.callDelegator(ApplicationServiceServerImpl.java:543)
	at gov.nih.nci.system.comm.server.ApplicationServiceServerImpl.createObject(ApplicationServiceServerImpl.java:320)
	at sun.reflect.GeneratedMethodAccessor179.invoke(Unknown Source)
	at sun.reflect.DelegatingMethodAccessorImpl.invoke(DelegatingMethodAccessorImpl.java:25)
	at java.lang.reflect.Method.invoke(Method.java:585)
	at org.springframework.aop.support.AopUtils.invokeJoinpointUsingReflection(AopUtils.java:287)
	at org.springframework.aop.framework.ReflectiveMethodInvocation.invokeJoinpoint(ReflectiveMethodInvocation.java:155)
	at org.springframework.aop.framework.ReflectiveMethodInvocation.proceed(ReflectiveMethodInvocation.java:122)
	at org.springframework.remoting.support.RemoteInvocationTraceInterceptor.invoke(RemoteInvocationTraceInterceptor.java:68)
	at org.springframework.aop.framework.ReflectiveMethodInvocation.proceed(ReflectiveMethodInvocation.java:144)
	at org.springframework.aop.framework.JdkDynamicAopProxy.invoke(JdkDynamicAopProxy.java:174)
	at $Proxy45.createObject(Unknown Source)
	at sun.reflect.GeneratedMethodAccessor529.invoke(Unknown Source)
	at sun.reflect.DelegatingMethodAccessorImpl.invoke(DelegatingMethodAccessorImpl.java:25)
	at java.lang.reflect.Method.invoke(Method.java:585)
	at org.springframework.remoting.support.RemoteInvocation.invoke(RemoteInvocation.java:179)
	at org.springframework.remoting.support.DefaultRemoteInvocationExecutor.invoke(DefaultRemoteInvocationExecutor.java:32)
	at org.springframework.remoting.support.RemoteInvocationBasedExporter.invoke(RemoteInvocationBasedExporter.java:70)
	at org.springframework.remoting.support.RemoteInvocationBasedExporter.invokeAndCreateResult(RemoteInvocationBasedExporter.java:106)
	at org.springframework.remoting.httpinvoker.HttpInvokerServiceExporter.handleRequest(HttpInvokerServiceExporter.java:80)
	at org.springframework.web.servlet.mvc.SimpleControllerHandlerAdapter.handle(SimpleControllerHandlerAdapter.java:44)
	at org.springframework.web.servlet.DispatcherServlet.doDispatch(DispatcherServlet.java:684)
	at org.springframework.web.servlet.DispatcherServlet.doService(DispatcherServlet.java:625)
	at org.springframework.web.servlet.FrameworkServlet.serviceWrapper(FrameworkServlet.java:386)
	at org.springframework.web.servlet.FrameworkServlet.doPost(FrameworkServlet.java:355)
	at javax.servlet.http.HttpServlet.service(HttpServlet.java:717)
	at javax.servlet.http.HttpServlet.service(HttpServlet.java:810)
	at org.apache.catalina.core.ApplicationFilterChain.internalDoFilter(ApplicationFilterChain.java:237)
	at org.apache.catalina.core.ApplicationFilterChain.doFilter(ApplicationFilterChain.java:157)
	at org.jboss.web.tomcat.filters.ReplyHeaderFilter.doFilter(ReplyHeaderFilter.java:75)
	at org.apache.catalina.core.ApplicationFilterChain.internalDoFilter(ApplicationFilterChain.java:186)
	at org.apache.catalina.core.ApplicationFilterChain.doFilter(ApplicationFilterChain.java:157)
	at org.apache.catalina.core.StandardWrapperValve.invoke(StandardWrapperValve.java:214)
	at org.apache.catalina.core.StandardValveContext.invokeNext(StandardValveContext.java:104)
	at org.apache.catalina.core.StandardPipeline.invoke(StandardPipeline.java:520)
	at org.apache.catalina.core.StandardContextValve.invokeInternal(StandardContextValve.java:198)
	at org.apache.catalina.core.StandardContextValve.invoke(StandardContextValve.java:152)
	at org.apache.catalina.core.StandardValveContext.invokeNext(StandardValveContext.java:104)
	at org.jboss.web.tomcat.security.CustomPrincipalValve.invoke(CustomPrincipalValve.java:44)
	at org.apache.catalina.core.StandardValveContext.invokeNext(StandardValveContext.java:102)
	at org.jboss.web.tomcat.security.SecurityAssociationValve.invoke(SecurityAssociationValve.java:169)
	at org.apache.catalina.core.StandardValveContext.invokeNext(StandardValveContext.java:102)
	at org.apache.catalina.core.StandardPipeline.invoke(StandardPipeline.java:520)
	at org.apache.catalina.core.StandardHostValve.invoke(StandardHostValve.java:137)
	at org.apache.catalina.core.StandardValveContext.invokeNext(StandardValveContext.java:104)
	at org.apache.catalina.valves.ErrorReportValve.invoke(ErrorReportValve.java:118)
	at org.apache.catalina.core.StandardValveContext.invokeNext(StandardValveContext.java:102)
	at org.apache.catalina.core.StandardPipeline.invoke(StandardPipeline.java:520)
	at org.apache.catalina.core.StandardEngineValve.invoke(StandardEngineValve.java:109)
	at org.apache.catalina.core.StandardValveContext.invokeNext(StandardValveContext.java:104)
	at org.apache.catalina.core.StandardPipeline.invoke(StandardPipeline.java:520)
	at org.apache.catalina.core.ContainerBase.invoke(ContainerBase.java:929)
	at org.apache.coyote.tomcat5.CoyoteAdapter.service(CoyoteAdapter.java:160)
	at org.apache.coyote.http11.Http11Processor.process(Http11Processor.java:799)
	at org.apache.coyote.http11.Http11Protocol$Http11ConnectionHandler.processConnection(Http11Protocol.java:705)
	at org.apache.tomcat.util.net.TcpWorkerThread.runIt(PoolTcpEndpoint.java:577)
	at org.apache.tomcat.util.threads.ThreadPool$ControlRunnable.run(ThreadPool.java:683)
	at java.lang.Thread.run(Thread.java:595)
gov.nih.nci.system.applicationservice.ApplicationException: could not insert: [edu.wustl.catissuecore.domain.Site]
	at gov.nih.nci.system.comm.server.ApplicationServiceServerImpl.handleException(ApplicationServiceServerImpl.java:588)
	at gov.nih.nci.system.comm.server.ApplicationServiceServerImpl.callDelegator(ApplicationServiceServerImpl.java:543)
	at gov.nih.nci.system.comm.server.ApplicationServiceServerImpl.createObject(ApplicationServiceServerImpl.java:320)
	at sun.reflect.GeneratedMethodAccessor179.invoke(Unknown Source)
	at sun.reflect.DelegatingMethodAccessorImpl.invoke(DelegatingMethodAccessorImpl.java:25)
	at java.lang.reflect.Method.invoke(Method.java:585)
	at org.springframework.aop.support.AopUtils.invokeJoinpointUsingReflection(AopUtils.java:287)
	at org.springframework.aop.framework.ReflectiveMethodInvocation.invokeJoinpoint(ReflectiveMethodInvocation.java:155)
	at org.springframework.aop.framework.ReflectiveMethodInvocation.proceed(ReflectiveMethodInvocation.java:122)
	at org.springframework.remoting.support.RemoteInvocationTraceInterceptor.invoke(RemoteInvocationTraceInterceptor.java:68)
	at org.springframework.aop.framework.ReflectiveMethodInvocation.proceed(ReflectiveMethodInvocation.java:144)
	at org.springframework.aop.framework.JdkDynamicAopProxy.invoke(JdkDynamicAopProxy.java:174)
	at $Proxy45.createObject(Unknown Source)
	at sun.reflect.GeneratedMethodAccessor529.invoke(Unknown Source)
	at sun.reflect.DelegatingMethodAccessorImpl.invoke(DelegatingMethodAccessorImpl.java:25)
	at java.lang.reflect.Method.invoke(Method.java:585)
	at org.springframework.remoting.support.RemoteInvocation.invoke(RemoteInvocation.java:179)
	at org.springframework.remoting.support.DefaultRemoteInvocationExecutor.invoke(DefaultRemoteInvocationExecutor.java:32)
	at org.springframework.remoting.support.RemoteInvocationBasedExporter.invoke(RemoteInvocationBasedExporter.java:70)
	at org.springframework.remoting.support.RemoteInvocationBasedExporter.invokeAndCreateResult(RemoteInvocationBasedExporter.java:106)
	at org.springframework.remoting.httpinvoker.HttpInvokerServiceExporter.handleRequest(HttpInvokerServiceExporter.java:80)
	at org.springframework.web.servlet.mvc.SimpleControllerHandlerAdapter.handle(SimpleControllerHandlerAdapter.java:44)
	at org.springframework.web.servlet.DispatcherServlet.doDispatch(DispatcherServlet.java:684)
	at org.springframework.web.servlet.DispatcherServlet.doService(DispatcherServlet.java:625)
	at org.springframework.web.servlet.FrameworkServlet.serviceWrapper(FrameworkServlet.java:386)
	at org.springframework.web.servlet.FrameworkServlet.doPost(FrameworkServlet.java:355)
	at javax.servlet.http.HttpServlet.service(HttpServlet.java:717)
	at javax.servlet.http.HttpServlet.service(HttpServlet.java:810)
	at org.apache.catalina.core.ApplicationFilterChain.internalDoFilter(ApplicationFilterChain.java:237)
	at org.apache.catalina.core.ApplicationFilterChain.doFilter(ApplicationFilterChain.java:157)
	at org.jboss.web.tomcat.filters.ReplyHeaderFilter.doFilter(ReplyHeaderFilter.java:75)
	at org.apache.catalina.core.ApplicationFilterChain.internalDoFilter(ApplicationFilterChain.java:186)
	at org.apache.catalina.core.ApplicationFilterChain.doFilter(ApplicationFilterChain.java:157)
	at org.apache.catalina.core.StandardWrapperValve.invoke(StandardWrapperValve.java:214)
	at org.apache.catalina.core.StandardValveContext.invokeNext(StandardValveContext.java:104)
	at org.apache.catalina.core.StandardPipeline.invoke(StandardPipeline.java:520)
	at org.apache.catalina.core.StandardContextValve.invokeInternal(StandardContextValve.java:198)
	at org.apache.catalina.core.StandardContextValve.invoke(StandardContextValve.java:152)
	at org.apache.catalina.core.StandardValveContext.invokeNext(StandardValveContext.java:104)
	at org.jboss.web.tomcat.security.CustomPrincipalValve.invoke(CustomPrincipalValve.java:44)
	at org.apache.catalina.core.StandardValveContext.invokeNext(StandardValveContext.java:102)
	at org.jboss.web.tomcat.security.SecurityAssociationValve.invoke(SecurityAssociationValve.java:169)
	at org.apache.catalina.core.StandardValveContext.invokeNext(StandardValveContext.java:102)
	at org.apache.catalina.core.StandardPipeline.invoke(StandardPipeline.java:520)
	at org.apache.catalina.core.StandardHostValve.invoke(StandardHostValve.java:137)
	at org.apache.catalina.core.StandardValveContext.invokeNext(StandardValveContext.java:104)
	at org.apache.catalina.valves.ErrorReportValve.invoke(ErrorReportValve.java:118)
	at org.apache.catalina.core.StandardValveContext.invokeNext(StandardValveContext.java:102)
	at org.apache.catalina.core.StandardPipeline.invoke(StandardPipeline.java:520)
	at org.apache.catalina.core.StandardEngineValve.invoke(StandardEngineValve.java:109)
	at org.apache.catalina.core.StandardValveContext.invokeNext(StandardValveContext.java:104)
	at org.apache.catalina.core.StandardPipeline.invoke(StandardPipeline.java:520)
	at org.apache.catalina.core.ContainerBase.invoke(ContainerBase.java:929)
	at org.apache.coyote.tomcat5.CoyoteAdapter.service(CoyoteAdapter.java:160)
	at org.apache.coyote.http11.Http11Processor.process(Http11Processor.java:799)
	at org.apache.coyote.http11.Http11Protocol$Http11ConnectionHandler.processConnection(Http11Protocol.java:705)
	at org.apache.tomcat.util.net.TcpWorkerThread.runIt(PoolTcpEndpoint.java:577)
	at org.apache.tomcat.util.threads.ThreadPool$ControlRunnable.run(ThreadPool.java:683)
	at java.lang.Thread.run(Thread.java:595)
gov.nih.nci.system.applicationservice.ApplicationException: Type is invalid.
	at gov.nih.nci.system.comm.server.ApplicationServiceServerImpl.handleException(ApplicationServiceServerImpl.java:588)
	at gov.nih.nci.system.comm.server.ApplicationServiceServerImpl.callDelegator(ApplicationServiceServerImpl.java:543)
	at gov.nih.nci.system.comm.server.ApplicationServiceServerImpl.createObject(ApplicationServiceServerImpl.java:320)
	at sun.reflect.GeneratedMethodAccessor179.invoke(Unknown Source)
	at sun.reflect.DelegatingMethodAccessorImpl.invoke(DelegatingMethodAccessorImpl.java:25)
	at java.lang.reflect.Method.invoke(Method.java:585)
	at org.springframework.aop.support.AopUtils.invokeJoinpointUsingReflection(AopUtils.java:287)
	at org.springframework.aop.framework.ReflectiveMethodInvocation.invokeJoinpoint(ReflectiveMethodInvocation.java:155)
	at org.springframework.aop.framework.ReflectiveMethodInvocation.proceed(ReflectiveMethodInvocation.java:122)
	at org.springframework.remoting.support.RemoteInvocationTraceInterceptor.invoke(RemoteInvocationTraceInterceptor.java:68)
	at org.springframework.aop.framework.ReflectiveMethodInvocation.proceed(ReflectiveMethodInvocation.java:144)
	at org.springframework.aop.framework.JdkDynamicAopProxy.invoke(JdkDynamicAopProxy.java:174)
	at $Proxy45.createObject(Unknown Source)
	at sun.reflect.GeneratedMethodAccessor529.invoke(Unknown Source)
	at sun.reflect.DelegatingMethodAccessorImpl.invoke(DelegatingMethodAccessorImpl.java:25)
	at java.lang.reflect.Method.invoke(Method.java:585)
	at org.springframework.remoting.support.RemoteInvocation.invoke(RemoteInvocation.java:179)
	at org.springframework.remoting.support.DefaultRemoteInvocationExecutor.invoke(DefaultRemoteInvocationExecutor.java:32)
	at org.springframework.remoting.support.RemoteInvocationBasedExporter.invoke(RemoteInvocationBasedExporter.java:70)
	at org.springframework.remoting.support.RemoteInvocationBasedExporter.invokeAndCreateResult(RemoteInvocationBasedExporter.java:106)
	at org.springframework.remoting.httpinvoker.HttpInvokerServiceExporter.handleRequest(HttpInvokerServiceExporter.java:80)
	at org.springframework.web.servlet.mvc.SimpleControllerHandlerAdapter.handle(SimpleControllerHandlerAdapter.java:44)
	at org.springframework.web.servlet.DispatcherServlet.doDispatch(DispatcherServlet.java:684)
	at org.springframework.web.servlet.DispatcherServlet.doService(DispatcherServlet.java:625)
	at org.springframework.web.servlet.FrameworkServlet.serviceWrapper(FrameworkServlet.java:386)
	at org.springframework.web.servlet.FrameworkServlet.doPost(FrameworkServlet.java:355)
	at javax.servlet.http.HttpServlet.service(HttpServlet.java:717)
	at javax.servlet.http.HttpServlet.service(HttpServlet.java:810)
	at org.apache.catalina.core.ApplicationFilterChain.internalDoFilter(ApplicationFilterChain.java:237)
	at org.apache.catalina.core.ApplicationFilterChain.doFilter(ApplicationFilterChain.java:157)
	at org.jboss.web.tomcat.filters.ReplyHeaderFilter.doFilter(ReplyHeaderFilter.java:75)
	at org.apache.catalina.core.ApplicationFilterChain.internalDoFilter(ApplicationFilterChain.java:186)
	at org.apache.catalina.core.ApplicationFilterChain.doFilter(ApplicationFilterChain.java:157)
	at org.apache.catalina.core.StandardWrapperValve.invoke(StandardWrapperValve.java:214)
	at org.apache.catalina.core.StandardValveContext.invokeNext(StandardValveContext.java:104)
	at org.apache.catalina.core.StandardPipeline.invoke(StandardPipeline.java:520)
	at org.apache.catalina.core.StandardContextValve.invokeInternal(StandardContextValve.java:198)
	at org.apache.catalina.core.StandardContextValve.invoke(StandardContextValve.java:152)
	at org.apache.catalina.core.StandardValveContext.invokeNext(StandardValveContext.java:104)
	at org.jboss.web.tomcat.security.CustomPrincipalValve.invoke(CustomPrincipalValve.java:44)
	at org.apache.catalina.core.StandardValveContext.invokeNext(StandardValveContext.java:102)
	at org.jboss.web.tomcat.security.SecurityAssociationValve.invoke(SecurityAssociationValve.java:169)
	at org.apache.catalina.core.StandardValveContext.invokeNext(StandardValveContext.java:102)
	at org.apache.catalina.core.StandardPipeline.invoke(StandardPipeline.java:520)
	at org.apache.catalina.core.StandardHostValve.invoke(StandardHostValve.java:137)
	at org.apache.catalina.core.StandardValveContext.invokeNext(StandardValveContext.java:104)
	at org.apache.catalina.valves.ErrorReportValve.invoke(ErrorReportValve.java:118)
	at org.apache.catalina.core.StandardValveContext.invokeNext(StandardValveContext.java:102)
	at org.apache.catalina.core.StandardPipeline.invoke(StandardPipeline.java:520)
	at org.apache.catalina.core.StandardEngineValve.invoke(StandardEngineValve.java:109)
	at org.apache.catalina.core.StandardValveContext.invokeNext(StandardValveContext.java:104)
	at org.apache.catalina.core.StandardPipeline.invoke(StandardPipeline.java:520)
	at org.apache.catalina.core.ContainerBase.invoke(ContainerBase.java:929)
	at org.apache.coyote.tomcat5.CoyoteAdapter.service(CoyoteAdapter.java:160)
	at org.apache.coyote.http11.Http11Processor.process(Http11Processor.java:799)
	at org.apache.coyote.http11.Http11Protocol$Http11ConnectionHandler.processConnection(Http11Protocol.java:705)
	at org.apache.tomcat.util.net.TcpWorkerThread.runIt(PoolTcpEndpoint.java:577)
	at org.apache.tomcat.util.threads.ThreadPool$ControlRunnable.run(ThreadPool.java:683)
	at java.lang.Thread.run(Thread.java:595)
gov.nih.nci.system.applicationservice.ApplicationException: While adding the object the Activity Status should be 'Active'.
	at gov.nih.nci.system.comm.server.ApplicationServiceServerImpl.handleException(ApplicationServiceServerImpl.java:588)
	at gov.nih.nci.system.comm.server.ApplicationServiceServerImpl.callDelegator(ApplicationServiceServerImpl.java:543)
	at gov.nih.nci.system.comm.server.ApplicationServiceServerImpl.createObject(ApplicationServiceServerImpl.java:320)
	at sun.reflect.GeneratedMethodAccessor179.invoke(Unknown Source)
	at sun.reflect.DelegatingMethodAccessorImpl.invoke(DelegatingMethodAccessorImpl.java:25)
	at java.lang.reflect.Method.invoke(Method.java:585)
	at org.springframework.aop.support.AopUtils.invokeJoinpointUsingReflection(AopUtils.java:287)
	at org.springframework.aop.framework.ReflectiveMethodInvocation.invokeJoinpoint(ReflectiveMethodInvocation.java:155)
	at org.springframework.aop.framework.ReflectiveMethodInvocation.proceed(ReflectiveMethodInvocation.java:122)
	at org.springframework.remoting.support.RemoteInvocationTraceInterceptor.invoke(RemoteInvocationTraceInterceptor.java:68)
	at org.springframework.aop.framework.ReflectiveMethodInvocation.proceed(ReflectiveMethodInvocation.java:144)
	at org.springframework.aop.framework.JdkDynamicAopProxy.invoke(JdkDynamicAopProxy.java:174)
	at $Proxy45.createObject(Unknown Source)
	at sun.reflect.GeneratedMethodAccessor529.invoke(Unknown Source)
	at sun.reflect.DelegatingMethodAccessorImpl.invoke(DelegatingMethodAccessorImpl.java:25)
	at java.lang.reflect.Method.invoke(Method.java:585)
	at org.springframework.remoting.support.RemoteInvocation.invoke(RemoteInvocation.java:179)
	at org.springframework.remoting.support.DefaultRemoteInvocationExecutor.invoke(DefaultRemoteInvocationExecutor.java:32)
	at org.springframework.remoting.support.RemoteInvocationBasedExporter.invoke(RemoteInvocationBasedExporter.java:70)
	at org.springframework.remoting.support.RemoteInvocationBasedExporter.invokeAndCreateResult(RemoteInvocationBasedExporter.java:106)
	at org.springframework.remoting.httpinvoker.HttpInvokerServiceExporter.handleRequest(HttpInvokerServiceExporter.java:80)
	at org.springframework.web.servlet.mvc.SimpleControllerHandlerAdapter.handle(SimpleControllerHandlerAdapter.java:44)
	at org.springframework.web.servlet.DispatcherServlet.doDispatch(DispatcherServlet.java:684)
	at org.springframework.web.servlet.DispatcherServlet.doService(DispatcherServlet.java:625)
	at org.springframework.web.servlet.FrameworkServlet.serviceWrapper(FrameworkServlet.java:386)
	at org.springframework.web.servlet.FrameworkServlet.doPost(FrameworkServlet.java:355)
	at javax.servlet.http.HttpServlet.service(HttpServlet.java:717)
	at javax.servlet.http.HttpServlet.service(HttpServlet.java:810)
	at org.apache.catalina.core.ApplicationFilterChain.internalDoFilter(ApplicationFilterChain.java:237)
	at org.apache.catalina.core.ApplicationFilterChain.doFilter(ApplicationFilterChain.java:157)
	at org.jboss.web.tomcat.filters.ReplyHeaderFilter.doFilter(ReplyHeaderFilter.java:75)
	at org.apache.catalina.core.ApplicationFilterChain.internalDoFilter(ApplicationFilterChain.java:186)
	at org.apache.catalina.core.ApplicationFilterChain.doFilter(ApplicationFilterChain.java:157)
	at org.apache.catalina.core.StandardWrapperValve.invoke(StandardWrapperValve.java:214)
	at org.apache.catalina.core.StandardValveContext.invokeNext(StandardValveContext.java:104)
	at org.apache.catalina.core.StandardPipeline.invoke(StandardPipeline.java:520)
	at org.apache.catalina.core.StandardContextValve.invokeInternal(StandardContextValve.java:198)
	at org.apache.catalina.core.StandardContextValve.invoke(StandardContextValve.java:152)
	at org.apache.catalina.core.StandardValveContext.invokeNext(StandardValveContext.java:104)
	at org.jboss.web.tomcat.security.CustomPrincipalValve.invoke(CustomPrincipalValve.java:44)
	at org.apache.catalina.core.StandardValveContext.invokeNext(StandardValveContext.java:102)
	at org.jboss.web.tomcat.security.SecurityAssociationValve.invoke(SecurityAssociationValve.java:169)
	at org.apache.catalina.core.StandardValveContext.invokeNext(StandardValveContext.java:102)
	at org.apache.catalina.core.StandardPipeline.invoke(StandardPipeline.java:520)
	at org.apache.catalina.core.StandardHostValve.invoke(StandardHostValve.java:137)
	at org.apache.catalina.core.StandardValveContext.invokeNext(StandardValveContext.java:104)
	at org.apache.catalina.valves.ErrorReportValve.invoke(ErrorReportValve.java:118)
	at org.apache.catalina.core.StandardValveContext.invokeNext(StandardValveContext.java:102)
	at org.apache.catalina.core.StandardPipeline.invoke(StandardPipeline.java:520)
	at org.apache.catalina.core.StandardEngineValve.invoke(StandardEngineValve.java:109)
	at org.apache.catalina.core.StandardValveContext.invokeNext(StandardValveContext.java:104)
	at org.apache.catalina.core.StandardPipeline.invoke(StandardPipeline.java:520)
	at org.apache.catalina.core.ContainerBase.invoke(ContainerBase.java:929)
	at org.apache.coyote.tomcat5.CoyoteAdapter.service(CoyoteAdapter.java:160)
	at org.apache.coyote.http11.Http11Processor.process(Http11Processor.java:799)
	at org.apache.coyote.http11.Http11Protocol$Http11ConnectionHandler.processConnection(Http11Protocol.java:705)
	at org.apache.tomcat.util.net.TcpWorkerThread.runIt(PoolTcpEndpoint.java:577)
	at org.apache.tomcat.util.threads.ThreadPool$ControlRunnable.run(ThreadPool.java:683)
	at java.lang.Thread.run(Thread.java:595)
gov.nih.nci.system.applicationservice.ApplicationException: <li><font color="red">Coordinator is required</font></li>
	at gov.nih.nci.system.comm.server.ApplicationServiceServerImpl.handleException(ApplicationServiceServerImpl.java:588)
	at gov.nih.nci.system.comm.server.ApplicationServiceServerImpl.callDelegator(ApplicationServiceServerImpl.java:543)
	at gov.nih.nci.system.comm.server.ApplicationServiceServerImpl.createObject(ApplicationServiceServerImpl.java:320)
	at sun.reflect.GeneratedMethodAccessor179.invoke(Unknown Source)
	at sun.reflect.DelegatingMethodAccessorImpl.invoke(DelegatingMethodAccessorImpl.java:25)
	at java.lang.reflect.Method.invoke(Method.java:585)
	at org.springframework.aop.support.AopUtils.invokeJoinpointUsingReflection(AopUtils.java:287)
	at org.springframework.aop.framework.ReflectiveMethodInvocation.invokeJoinpoint(ReflectiveMethodInvocation.java:155)
	at org.springframework.aop.framework.ReflectiveMethodInvocation.proceed(ReflectiveMethodInvocation.java:122)
	at org.springframework.remoting.support.RemoteInvocationTraceInterceptor.invoke(RemoteInvocationTraceInterceptor.java:68)
	at org.springframework.aop.framework.ReflectiveMethodInvocation.proceed(ReflectiveMethodInvocation.java:144)
	at org.springframework.aop.framework.JdkDynamicAopProxy.invoke(JdkDynamicAopProxy.java:174)
	at $Proxy45.createObject(Unknown Source)
	at sun.reflect.GeneratedMethodAccessor529.invoke(Unknown Source)
	at sun.reflect.DelegatingMethodAccessorImpl.invoke(DelegatingMethodAccessorImpl.java:25)
	at java.lang.reflect.Method.invoke(Method.java:585)
	at org.springframework.remoting.support.RemoteInvocation.invoke(RemoteInvocation.java:179)
	at org.springframework.remoting.support.DefaultRemoteInvocationExecutor.invoke(DefaultRemoteInvocationExecutor.java:32)
	at org.springframework.remoting.support.RemoteInvocationBasedExporter.invoke(RemoteInvocationBasedExporter.java:70)
	at org.springframework.remoting.support.RemoteInvocationBasedExporter.invokeAndCreateResult(RemoteInvocationBasedExporter.java:106)
	at org.springframework.remoting.httpinvoker.HttpInvokerServiceExporter.handleRequest(HttpInvokerServiceExporter.java:80)
	at org.springframework.web.servlet.mvc.SimpleControllerHandlerAdapter.handle(SimpleControllerHandlerAdapter.java:44)
	at org.springframework.web.servlet.DispatcherServlet.doDispatch(DispatcherServlet.java:684)
	at org.springframework.web.servlet.DispatcherServlet.doService(DispatcherServlet.java:625)
	at org.springframework.web.servlet.FrameworkServlet.serviceWrapper(FrameworkServlet.java:386)
	at org.springframework.web.servlet.FrameworkServlet.doPost(FrameworkServlet.java:355)
	at javax.servlet.http.HttpServlet.service(HttpServlet.java:717)
	at javax.servlet.http.HttpServlet.service(HttpServlet.java:810)
	at org.apache.catalina.core.ApplicationFilterChain.internalDoFilter(ApplicationFilterChain.java:237)
	at org.apache.catalina.core.ApplicationFilterChain.doFilter(ApplicationFilterChain.java:157)
	at org.jboss.web.tomcat.filters.ReplyHeaderFilter.doFilter(ReplyHeaderFilter.java:75)
	at org.apache.catalina.core.ApplicationFilterChain.internalDoFilter(ApplicationFilterChain.java:186)
	at org.apache.catalina.core.ApplicationFilterChain.doFilter(ApplicationFilterChain.java:157)
	at org.apache.catalina.core.StandardWrapperValve.invoke(StandardWrapperValve.java:214)
	at org.apache.catalina.core.StandardValveContext.invokeNext(StandardValveContext.java:104)
	at org.apache.catalina.core.StandardPipeline.invoke(StandardPipeline.java:520)
	at org.apache.catalina.core.StandardContextValve.invokeInternal(StandardContextValve.java:198)
	at org.apache.catalina.core.StandardContextValve.invoke(StandardContextValve.java:152)
	at org.apache.catalina.core.StandardValveContext.invokeNext(StandardValveContext.java:104)
	at org.jboss.web.tomcat.security.CustomPrincipalValve.invoke(CustomPrincipalValve.java:44)
	at org.apache.catalina.core.StandardValveContext.invokeNext(StandardValveContext.java:102)
	at org.jboss.web.tomcat.security.SecurityAssociationValve.invoke(SecurityAssociationValve.java:169)
	at org.apache.catalina.core.StandardValveContext.invokeNext(StandardValveContext.java:102)
	at org.apache.catalina.core.StandardPipeline.invoke(StandardPipeline.java:520)
	at org.apache.catalina.core.StandardHostValve.invoke(StandardHostValve.java:137)
	at org.apache.catalina.core.StandardValveContext.invokeNext(StandardValveContext.java:104)
	at org.apache.catalina.valves.ErrorReportValve.invoke(ErrorReportValve.java:118)
	at org.apache.catalina.core.StandardValveContext.invokeNext(StandardValveContext.java:102)
	at org.apache.catalina.core.StandardPipeline.invoke(StandardPipeline.java:520)
	at org.apache.catalina.core.StandardEngineValve.invoke(StandardEngineValve.java:109)
	at org.apache.catalina.core.StandardValveContext.invokeNext(StandardValveContext.java:104)
	at org.apache.catalina.core.StandardPipeline.invoke(StandardPipeline.java:520)
	at org.apache.catalina.core.ContainerBase.invoke(ContainerBase.java:929)
	at org.apache.coyote.tomcat5.CoyoteAdapter.service(CoyoteAdapter.java:160)
	at org.apache.coyote.http11.Http11Processor.process(Http11Processor.java:799)
	at org.apache.coyote.http11.Http11Protocol$Http11ConnectionHandler.processConnection(Http11Protocol.java:705)
	at org.apache.tomcat.util.net.TcpWorkerThread.runIt(PoolTcpEndpoint.java:577)
	at org.apache.tomcat.util.threads.ThreadPool$ControlRunnable.run(ThreadPool.java:683)
	at java.lang.Thread.run(Thread.java:595)
gov.nih.nci.system.applicationservice.ApplicationException: <li><font color="red">Name is required</font></li>
	at gov.nih.nci.system.comm.server.ApplicationServiceServerImpl.handleException(ApplicationServiceServerImpl.java:588)
	at gov.nih.nci.system.comm.server.ApplicationServiceServerImpl.callDelegator(ApplicationServiceServerImpl.java:543)
	at gov.nih.nci.system.comm.server.ApplicationServiceServerImpl.createObject(ApplicationServiceServerImpl.java:320)
	at sun.reflect.GeneratedMethodAccessor179.invoke(Unknown Source)
	at sun.reflect.DelegatingMethodAccessorImpl.invoke(DelegatingMethodAccessorImpl.java:25)
	at java.lang.reflect.Method.invoke(Method.java:585)
	at org.springframework.aop.support.AopUtils.invokeJoinpointUsingReflection(AopUtils.java:287)
	at org.springframework.aop.framework.ReflectiveMethodInvocation.invokeJoinpoint(ReflectiveMethodInvocation.java:155)
	at org.springframework.aop.framework.ReflectiveMethodInvocation.proceed(ReflectiveMethodInvocation.java:122)
	at org.springframework.remoting.support.RemoteInvocationTraceInterceptor.invoke(RemoteInvocationTraceInterceptor.java:68)
	at org.springframework.aop.framework.ReflectiveMethodInvocation.proceed(ReflectiveMethodInvocation.java:144)
	at org.springframework.aop.framework.JdkDynamicAopProxy.invoke(JdkDynamicAopProxy.java:174)
	at $Proxy45.createObject(Unknown Source)
	at sun.reflect.GeneratedMethodAccessor529.invoke(Unknown Source)
	at sun.reflect.DelegatingMethodAccessorImpl.invoke(DelegatingMethodAccessorImpl.java:25)
	at java.lang.reflect.Method.invoke(Method.java:585)
	at org.springframework.remoting.support.RemoteInvocation.invoke(RemoteInvocation.java:179)
	at org.springframework.remoting.support.DefaultRemoteInvocationExecutor.invoke(DefaultRemoteInvocationExecutor.java:32)
	at org.springframework.remoting.support.RemoteInvocationBasedExporter.invoke(RemoteInvocationBasedExporter.java:70)
	at org.springframework.remoting.support.RemoteInvocationBasedExporter.invokeAndCreateResult(RemoteInvocationBasedExporter.java:106)
	at org.springframework.remoting.httpinvoker.HttpInvokerServiceExporter.handleRequest(HttpInvokerServiceExporter.java:80)
	at org.springframework.web.servlet.mvc.SimpleControllerHandlerAdapter.handle(SimpleControllerHandlerAdapter.java:44)
	at org.springframework.web.servlet.DispatcherServlet.doDispatch(DispatcherServlet.java:684)
	at org.springframework.web.servlet.DispatcherServlet.doService(DispatcherServlet.java:625)
	at org.springframework.web.servlet.FrameworkServlet.serviceWrapper(FrameworkServlet.java:386)
	at org.springframework.web.servlet.FrameworkServlet.doPost(FrameworkServlet.java:355)
	at javax.servlet.http.HttpServlet.service(HttpServlet.java:717)
	at javax.servlet.http.HttpServlet.service(HttpServlet.java:810)
	at org.apache.catalina.core.ApplicationFilterChain.internalDoFilter(ApplicationFilterChain.java:237)
	at org.apache.catalina.core.ApplicationFilterChain.doFilter(ApplicationFilterChain.java:157)
	at org.jboss.web.tomcat.filters.ReplyHeaderFilter.doFilter(ReplyHeaderFilter.java:75)
	at org.apache.catalina.core.ApplicationFilterChain.internalDoFilter(ApplicationFilterChain.java:186)
	at org.apache.catalina.core.ApplicationFilterChain.doFilter(ApplicationFilterChain.java:157)
	at org.apache.catalina.core.StandardWrapperValve.invoke(StandardWrapperValve.java:214)
	at org.apache.catalina.core.StandardValveContext.invokeNext(StandardValveContext.java:104)
	at org.apache.catalina.core.StandardPipeline.invoke(StandardPipeline.java:520)
	at org.apache.catalina.core.StandardContextValve.invokeInternal(StandardContextValve.java:198)
	at org.apache.catalina.core.StandardContextValve.invoke(StandardContextValve.java:152)
	at org.apache.catalina.core.StandardValveContext.invokeNext(StandardValveContext.java:104)
	at org.jboss.web.tomcat.security.CustomPrincipalValve.invoke(CustomPrincipalValve.java:44)
	at org.apache.catalina.core.StandardValveContext.invokeNext(StandardValveContext.java:102)
	at org.jboss.web.tomcat.security.SecurityAssociationValve.invoke(SecurityAssociationValve.java:169)
	at org.apache.catalina.core.StandardValveContext.invokeNext(StandardValveContext.java:102)
	at org.apache.catalina.core.StandardPipeline.invoke(StandardPipeline.java:520)
	at org.apache.catalina.core.StandardHostValve.invoke(StandardHostValve.java:137)
	at org.apache.catalina.core.StandardValveContext.invokeNext(StandardValveContext.java:104)
	at org.apache.catalina.valves.ErrorReportValve.invoke(ErrorReportValve.java:118)
	at org.apache.catalina.core.StandardValveContext.invokeNext(StandardValveContext.java:102)
	at org.apache.catalina.core.StandardPipeline.invoke(StandardPipeline.java:520)
	at org.apache.catalina.core.StandardEngineValve.invoke(StandardEngineValve.java:109)
	at org.apache.catalina.core.StandardValveContext.invokeNext(StandardValveContext.java:104)
	at org.apache.catalina.core.StandardPipeline.invoke(StandardPipeline.java:520)
	at org.apache.catalina.core.ContainerBase.invoke(ContainerBase.java:929)
	at org.apache.coyote.tomcat5.CoyoteAdapter.service(CoyoteAdapter.java:160)
	at org.apache.coyote.http11.Http11Processor.process(Http11Processor.java:799)
	at org.apache.coyote.http11.Http11Protocol$Http11ConnectionHandler.processConnection(Http11Protocol.java:705)
	at org.apache.tomcat.util.net.TcpWorkerThread.runIt(PoolTcpEndpoint.java:577)
	at org.apache.tomcat.util.threads.ThreadPool$ControlRunnable.run(ThreadPool.java:683)
	at java.lang.Thread.run(Thread.java:595)
[...]
	at org.springframework.web.servlet.mvc.SimpleControllerHandlerAdapter.handle(SimpleControllerHandlerAdapter.java:44)
	at org.springframework.web.servlet.DispatcherServlet.doDispatch(DispatcherServlet.java:684)
	at org.springframework.web.servlet.DispatcherServlet.doService(DispatcherServlet.java:625)
	at org.springframework.web.servlet.FrameworkServlet.serviceWrapper(FrameworkServlet.java:386)
	at org.springframework.web.servlet.FrameworkServlet.doPost(FrameworkServlet.java:355)
	at javax.servlet.http.HttpServlet.service(HttpServlet.java:717)
	at javax.servlet.http.HttpServlet.service(HttpServlet.java:810)
	at org.apache.catalina.core.ApplicationFilterChain.internalDoFilter(ApplicationFilterChain.java:237)
	at org.apache.catalina.core.ApplicationFilterChain.doFilter(ApplicationFilterChain.java:157)
	at org.jboss.web.tomcat.filters.ReplyHeaderFilter.doFilter(ReplyHeaderFilter.java:75)
	at org.apache.catalina.core.ApplicationFilterChain.internalDoFilter(ApplicationFilterChain.java:186)
	at org.apache.catalina.core.ApplicationFilterChain.doFilter(ApplicationFilterChain.java:157)
	at org.apache.catalina.core.StandardWrapperValve.invoke(StandardWrapperValve.java:214)
	at org.apache.catalina.core.StandardValveContext.invokeNext(StandardValveContext.java:104)
	at org.apache.catalina.core.StandardPipeline.invoke(StandardPipeline.java:520)
	at org.apache.catalina.core.StandardContextValve.invokeInternal(StandardContextValve.java:198)
	at org.apache.catalina.core.StandardContextValve.invoke(StandardContextValve.java:152)
	at org.apache.catalina.core.StandardValveContext.invokeNext(StandardValveContext.java:104)
	at org.jboss.web.tomcat.security.CustomPrincipalValve.invoke(CustomPrincipalValve.java:44)
	at org.apache.catalina.core.StandardValveContext.invokeNext(StandardValveContext.java:102)
	at org.jboss.web.tomcat.security.SecurityAssociationValve.invoke(SecurityAssociationValve.java:169)
	at org.apache.catalina.core.StandardValveContext.invokeNext(StandardValveContext.java:102)
	at org.apache.catalina.core.StandardPipeline.invoke(StandardPipeline.java:520)
	at org.apache.catalina.core.StandardHostValve.invoke(StandardHostValve.java:137)
	at org.apache.catalina.core.StandardValveContext.invokeNext(StandardValveContext.java:104)
	at org.apache.catalina.valves.ErrorReportValve.invoke(ErrorReportValve.java:118)
	at org.apache.catalina.core.StandardValveContext.invokeNext(StandardValveContext.java:102)
	at org.apache.catalina.core.StandardPipeline.invoke(StandardPipeline.java:520)
	at org.apache.catalina.core.StandardEngineValve.invoke(StandardEngineValve.java:109)
	at org.apache.catalina.core.StandardValveContext.invokeNext(StandardValveContext.java:104)
	at org.apache.catalina.core.StandardPipeline.invoke(StandardPipeline.java:520)
	at org.apache.catalina.core.ContainerBase.invoke(ContainerBase.java:929)
	at org.apache.coyote.tomcat5.CoyoteAdapter.service(CoyoteAdapter.java:160)
	at org.apache.coyote.http11.Http11Processor.process(Http11Processor.java:799)
	at org.apache.coyote.http11.Http11Protocol$Http11ConnectionHandler.processConnection(Http11Protocol.java:705)
	at org.apache.tomcat.util.net.TcpWorkerThread.runIt(PoolTcpEndpoint.java:577)
	at org.apache.tomcat.util.threads.ThreadPool$ControlRunnable.run(ThreadPool.java:683)
	at java.lang.Thread.run(Thread.java:595)
gov.nih.nci.system.applicationservice.ApplicationException: Specimen Type is invalid.
	at gov.nih.nci.system.comm.server.ApplicationServiceServerImpl.handleException(ApplicationServiceServerImpl.java:588)
	at gov.nih.nci.system.comm.server.ApplicationServiceServerImpl.callDelegator(ApplicationServiceServerImpl.java:543)
	at gov.nih.nci.system.comm.server.ApplicationServiceServerImpl.createObject(ApplicationServiceServerImpl.java:320)
	at sun.reflect.GeneratedMethodAccessor179.invoke(Unknown Source)
	at sun.reflect.DelegatingMethodAccessorImpl.invoke(DelegatingMethodAccessorImpl.java:25)
	at java.lang.reflect.Method.invoke(Method.java:585)
	at org.springframework.aop.support.AopUtils.invokeJoinpointUsingReflection(AopUtils.java:287)
	at org.springframework.aop.framework.ReflectiveMethodInvocation.invokeJoinpoint(ReflectiveMethodInvocation.java:155)
	at org.springframework.aop.framework.ReflectiveMethodInvocation.proceed(ReflectiveMethodInvocation.java:122)
	at org.springframework.remoting.support.RemoteInvocationTraceInterceptor.invoke(RemoteInvocationTraceInterceptor.java:68)
	at org.springframework.aop.framework.ReflectiveMethodInvocation.proceed(ReflectiveMethodInvocation.java:144)
	at org.springframework.aop.framework.JdkDynamicAopProxy.invoke(JdkDynamicAopProxy.java:174)
	at $Proxy45.createObject(Unknown Source)
	at sun.reflect.GeneratedMethodAccessor529.invoke(Unknown Source)
	at sun.reflect.DelegatingMethodAccessorImpl.invoke(DelegatingMethodAccessorImpl.java:25)
	at java.lang.reflect.Method.invoke(Method.java:585)
	at org.springframework.remoting.support.RemoteInvocation.invoke(RemoteInvocation.java:179)
	at org.springframework.remoting.support.DefaultRemoteInvocationExecutor.invoke(DefaultRemoteInvocationExecutor.java:32)
	at org.springframework.remoting.support.RemoteInvocationBasedExporter.invoke(RemoteInvocationBasedExporter.java:70)
	at org.springframework.remoting.support.RemoteInvocationBasedExporter.invokeAndCreateResult(RemoteInvocationBasedExporter.java:106)
	at org.springframework.remoting.httpinvoker.HttpInvokerServiceExporter.handleRequest(HttpInvokerServiceExporter.java:80)
	at org.springframework.web.servlet.mvc.SimpleControllerHandlerAdapter.handle(SimpleControllerHandlerAdapter.java:44)
	at org.springframework.web.servlet.DispatcherServlet.doDispatch(DispatcherServlet.java:684)
	at org.springframework.web.servlet.DispatcherServlet.doService(DispatcherServlet.java:625)
	at org.springframework.web.servlet.FrameworkServlet.serviceWrapper(FrameworkServlet.java:386)
	at org.springframework.web.servlet.FrameworkServlet.doPost(FrameworkServlet.java:355)
	at javax.servlet.http.HttpServlet.service(HttpServlet.java:717)
	at javax.servlet.http.HttpServlet.service(HttpServlet.java:810)
	at org.apache.catalina.core.ApplicationFilterChain.internalDoFilter(ApplicationFilterChain.java:237)
	at org.apache.catalina.core.ApplicationFilterChain.doFilter(ApplicationFilterChain.java:157)
	at org.jboss.web.tomcat.filters.ReplyHeaderFilter.doFilter(ReplyHeaderFilter.java:75)
	at org.apache.catalina.core.ApplicationFilterChain.internalDoFilter(ApplicationFilterChain.java:186)
	at org.apache.catalina.core.ApplicationFilterChain.doFilter(ApplicationFilterChain.java:157)
	at org.apache.catalina.core.StandardWrapperValve.invoke(StandardWrapperValve.java:214)
	at org.apache.catalina.core.StandardValveContext.invokeNext(StandardValveContext.java:104)
	at org.apache.catalina.core.StandardPipeline.invoke(StandardPipeline.java:520)
	at org.apache.catalina.core.StandardContextValve.invokeInternal(StandardContextValve.java:198)
	at org.apache.catalina.core.StandardContextValve.invoke(StandardContextValve.java:152)
	at org.apache.catalina.core.StandardValveContext.invokeNext(StandardValveContext.java:104)
	at org.jboss.web.tomcat.security.CustomPrincipalValve.invoke(CustomPrincipalValve.java:44)
	at org.apache.catalina.core.StandardValveContext.invokeNext(StandardValveContext.java:102)
	at org.jboss.web.tomcat.security.SecurityAssociationValve.invoke(SecurityAssociationValve.java:169)
	at org.apache.catalina.core.StandardValveContext.invokeNext(StandardValveContext.java:102)
	at org.apache.catalina.core.StandardPipeline.invoke(StandardPipeline.java:520)
	at org.apache.catalina.core.StandardHostValve.invoke(StandardHostValve.java:137)
	at org.apache.catalina.core.StandardValveContext.invokeNext(StandardValveContext.java:104)
	at org.apache.catalina.valves.ErrorReportValve.invoke(ErrorReportValve.java:118)
	at org.apache.catalina.core.StandardValveContext.invokeNext(StandardValveContext.java:102)
	at org.apache.catalina.core.StandardPipeline.invoke(StandardPipeline.java:520)
	at org.apache.catalina.core.StandardEngineValve.invoke(StandardEngineValve.java:109)
	at org.apache.catalina.core.StandardValveContext.invokeNext(StandardValveContext.java:104)
	at org.apache.catalina.core.StandardPipeline.invoke(StandardPipeline.java:520)
	at org.apache.catalina.core.ContainerBase.invoke(ContainerBase.java:929)
	at org.apache.coyote.tomcat5.CoyoteAdapter.service(CoyoteAdapter.java:160)
	at org.apache.coyote.http11.Http11Processor.process(Http11Processor.java:799)
	at org.apache.coyote.http11.Http11Protocol$Http11ConnectionHandler.processConnection(Http11Protocol.java:705)
	at org.apache.tomcat.util.net.TcpWorkerThread.runIt(PoolTcpEndpoint.java:577)
	at org.apache.tomcat.util.threads.ThreadPool$ControlRunnable.run(ThreadPool.java:683)
	at java.lang.Thread.run(Thread.java:595)
gov.nih.nci.system.applicationservice.ApplicationException: Tissue Site is invalid.
	at gov.nih.nci.system.comm.server.ApplicationServiceServerImpl.handleException(ApplicationServiceServerImpl.java:588)
	at gov.nih.nci.system.comm.server.ApplicationServiceServerImpl.callDelegator(ApplicationServiceServerImpl.java:543)
	at gov.nih.nci.system.comm.server.ApplicationServiceServerImpl.createObject(ApplicationServiceServerImpl.java:320)
	at sun.reflect.GeneratedMethodAccessor179.invoke(Unknown Source)
	at sun.reflect.DelegatingMethodAccessorImpl.invoke(DelegatingMethodAccessorImpl.java:25)
	at java.lang.reflect.Method.invoke(Method.java:585)
	at org.springframework.aop.support.AopUtils.invokeJoinpointUsingReflection(AopUtils.java:287)
	at org.springframework.aop.framework.ReflectiveMethodInvocation.invokeJoinpoint(ReflectiveMethodInvocation.java:155)
	at org.springframework.aop.framework.ReflectiveMethodInvocation.proceed(ReflectiveMethodInvocation.java:122)
	at org.springframework.remoting.support.RemoteInvocationTraceInterceptor.invoke(RemoteInvocationTraceInterceptor.java:68)
	at org.springframework.aop.framework.ReflectiveMethodInvocation.proceed(ReflectiveMethodInvocation.java:144)
	at org.springframework.aop.framework.JdkDynamicAopProxy.invoke(JdkDynamicAopProxy.java:174)
	at $Proxy45.createObject(Unknown Source)
	at sun.reflect.GeneratedMethodAccessor529.invoke(Unknown Source)
	at sun.reflect.DelegatingMethodAccessorImpl.invoke(DelegatingMethodAccessorImpl.java:25)
	at java.lang.reflect.Method.invoke(Method.java:585)
	at org.springframework.remoting.support.RemoteInvocation.invoke(RemoteInvocation.java:179)
	at org.springframework.remoting.support.DefaultRemoteInvocationExecutor.invoke(DefaultRemoteInvocationExecutor.java:32)
	at org.springframework.remoting.support.RemoteInvocationBasedExporter.invoke(RemoteInvocationBasedExporter.java:70)
	at org.springframework.remoting.support.RemoteInvocationBasedExporter.invokeAndCreateResult(RemoteInvocationBasedExporter.java:106)
	at org.springframework.remoting.httpinvoker.HttpInvokerServiceExporter.handleRequest(HttpInvokerServiceExporter.java:80)
	at org.springframework.web.servlet.mvc.SimpleControllerHandlerAdapter.handle(SimpleControllerHandlerAdapter.java:44)
	at org.springframework.web.servlet.DispatcherServlet.doDispatch(DispatcherServlet.java:684)
	at org.springframework.web.servlet.DispatcherServlet.doService(DispatcherServlet.java:625)
	at org.springframework.web.servlet.FrameworkServlet.serviceWrapper(FrameworkServlet.java:386)
	at org.springframework.web.servlet.FrameworkServlet.doPost(FrameworkServlet.java:355)
	at javax.servlet.http.HttpServlet.service(HttpServlet.java:717)
	at javax.servlet.http.HttpServlet.service(HttpServlet.java:810)
	at org.apache.catalina.core.ApplicationFilterChain.internalDoFilter(ApplicationFilterChain.java:237)
	at org.apache.catalina.core.ApplicationFilterChain.doFilter(ApplicationFilterChain.java:157)
	at org.jboss.web.tomcat.filters.ReplyHeaderFilter.doFilter(ReplyHeaderFilter.java:75)
	at org.apache.catalina.core.ApplicationFilterChain.internalDoFilter(ApplicationFilterChain.java:186)
	at org.apache.catalina.core.ApplicationFilterChain.doFilter(ApplicationFilterChain.java:157)
	at org.apache.catalina.core.StandardWrapperValve.invoke(StandardWrapperValve.java:214)
	at org.apache.catalina.core.StandardValveContext.invokeNext(StandardValveContext.java:104)
	at org.apache.catalina.core.StandardPipeline.invoke(StandardPipeline.java:520)
	at org.apache.catalina.core.StandardContextValve.invokeInternal(StandardContextValve.java:198)
	at org.apache.catalina.core.StandardContextValve.invoke(StandardContextValve.java:152)
	at org.apache.catalina.core.StandardValveContext.invokeNext(StandardValveContext.java:104)
	at org.jboss.web.tomcat.security.CustomPrincipalValve.invoke(CustomPrincipalValve.java:44)
	at org.apache.catalina.core.StandardValveContext.invokeNext(StandardValveContext.java:102)
	at org.jboss.web.tomcat.security.SecurityAssociationValve.invoke(SecurityAssociationValve.java:169)
	at org.apache.catalina.core.StandardValveContext.invokeNext(StandardValveContext.java:102)
	at org.apache.catalina.core.StandardPipeline.invoke(StandardPipeline.java:520)
	at org.apache.catalina.core.StandardHostValve.invoke(StandardHostValve.java:137)
	at org.apache.catalina.core.StandardValveContext.invokeNext(StandardValveContext.java:104)
	at org.apache.catalina.valves.ErrorReportValve.invoke(ErrorReportValve.java:118)
	at org.apache.catalina.core.StandardValveContext.invokeNext(StandardValveContext.java:102)
	at org.apache.catalina.core.StandardPipeline.invoke(StandardPipeline.java:520)
	at org.apache.catalina.core.StandardEngineValve.invoke(StandardEngineValve.java:109)
	at org.apache.catalina.core.StandardValveContext.invokeNext(StandardValveContext.java:104)
	at org.apache.catalina.core.StandardPipeline.invoke(StandardPipeline.java:520)
	at org.apache.catalina.core.ContainerBase.invoke(ContainerBase.java:929)
	at org.apache.coyote.tomcat5.CoyoteAdapter.service(CoyoteAdapter.java:160)
	at org.apache.coyote.http11.Http11Processor.process(Http11Processor.java:799)
	at org.apache.coyote.http11.Http11Protocol$Http11ConnectionHandler.processConnection(Http11Protocol.java:705)
	at org.apache.tomcat.util.net.TcpWorkerThread.runIt(PoolTcpEndpoint.java:577)
	at org.apache.tomcat.util.threads.ThreadPool$ControlRunnable.run(ThreadPool.java:683)
	at java.lang.Thread.run(Thread.java:595)
gov.nih.nci.system.applicationservice.ApplicationException: Pathological Status is invalid.
	at gov.nih.nci.system.comm.server.ApplicationServiceServerImpl.handleException(ApplicationServiceServerImpl.java:588)
	at gov.nih.nci.system.comm.server.ApplicationServiceServerImpl.callDelegator(ApplicationServiceServerImpl.java:543)
	at gov.nih.nci.system.comm.server.ApplicationServiceServerImpl.createObject(ApplicationServiceServerImpl.java:320)
	at sun.reflect.GeneratedMethodAccessor179.invoke(Unknown Source)
	at sun.reflect.DelegatingMethodAccessorImpl.invoke(DelegatingMethodAccessorImpl.java:25)
	at java.lang.reflect.Method.invoke(Method.java:585)
	at org.springframework.aop.support.AopUtils.invokeJoinpointUsingReflection(AopUtils.java:287)
	at org.springframework.aop.framework.ReflectiveMethodInvocation.invokeJoinpoint(ReflectiveMethodInvocation.java:155)
	at org.springframework.aop.framework.ReflectiveMethodInvocation.proceed(ReflectiveMethodInvocation.java:122)
	at org.springframework.remoting.support.RemoteInvocationTraceInterceptor.invoke(RemoteInvocationTraceInterceptor.java:68)
	at org.springframework.aop.framework.ReflectiveMethodInvocation.proceed(ReflectiveMethodInvocation.java:144)
	at org.springframework.aop.framework.JdkDynamicAopProxy.invoke(JdkDynamicAopProxy.java:174)
	at $Proxy45.createObject(Unknown Source)
	at sun.reflect.GeneratedMethodAccessor529.invoke(Unknown Source)
	at sun.reflect.DelegatingMethodAccessorImpl.invoke(DelegatingMethodAccessorImpl.java:25)
	at java.lang.reflect.Method.invoke(Method.java:585)
	at org.springframework.remoting.support.RemoteInvocation.invoke(RemoteInvocation.java:179)
	at org.springframework.remoting.support.DefaultRemoteInvocationExecutor.invoke(DefaultRemoteInvocationExecutor.java:32)
	at org.springframework.remoting.support.RemoteInvocationBasedExporter.invoke(RemoteInvocationBasedExporter.java:70)
	at org.springframework.remoting.support.RemoteInvocationBasedExporter.invokeAndCreateResult(RemoteInvocationBasedExporter.java:106)
	at org.springframework.remoting.httpinvoker.HttpInvokerServiceExporter.handleRequest(HttpInvokerServiceExporter.java:80)
	at org.springframework.web.servlet.mvc.SimpleControllerHandlerAdapter.handle(SimpleControllerHandlerAdapter.java:44)
	at org.springframework.web.servlet.DispatcherServlet.doDispatch(DispatcherServlet.java:684)
	at org.springframework.web.servlet.DispatcherServlet.doService(DispatcherServlet.java:625)
	at org.springframework.web.servlet.FrameworkServlet.serviceWrapper(FrameworkServlet.java:386)
	at org.springframework.web.servlet.FrameworkServlet.doPost(FrameworkServlet.java:355)
	at javax.servlet.http.HttpServlet.service(HttpServlet.java:717)
	at javax.servlet.http.HttpServlet.service(HttpServlet.java:810)
	at org.apache.catalina.core.ApplicationFilterChain.internalDoFilter(ApplicationFilterChain.java:237)
	at org.apache.catalina.core.ApplicationFilterChain.doFilter(ApplicationFilterChain.java:157)
	at org.jboss.web.tomcat.filters.ReplyHeaderFilter.doFilter(ReplyHeaderFilter.java:75)
	at org.apache.catalina.core.ApplicationFilterChain.internalDoFilter(ApplicationFilterChain.java:186)
	at org.apache.catalina.core.ApplicationFilterChain.doFilter(ApplicationFilterChain.java:157)
	at org.apache.catalina.core.StandardWrapperValve.invoke(StandardWrapperValve.java:214)
	at org.apache.catalina.core.StandardValveContext.invokeNext(StandardValveContext.java:104)
	at org.apache.catalina.core.StandardPipeline.invoke(StandardPipeline.java:520)
	at org.apache.catalina.core.StandardContextValve.invokeInternal(StandardContextValve.java:198)
	at org.apache.catalina.core.StandardContextValve.invoke(StandardContextValve.java:152)
	at org.apache.catalina.core.StandardValveContext.invokeNext(StandardValveContext.java:104)
	at org.jboss.web.tomcat.security.CustomPrincipalValve.invoke(CustomPrincipalValve.java:44)
	at org.apache.catalina.core.StandardValveContext.invokeNext(StandardValveContext.java:102)
	at org.jboss.web.tomcat.security.SecurityAssociationValve.invoke(SecurityAssociationValve.java:169)
	at org.apache.catalina.core.StandardValveContext.invokeNext(StandardValveContext.java:102)
	at org.apache.catalina.core.StandardPipeline.invoke(StandardPipeline.java:520)
	at org.apache.catalina.core.StandardHostValve.invoke(StandardHostValve.java:137)
	at org.apache.catalina.core.StandardValveContext.invokeNext(StandardValveContext.java:104)
	at org.apache.catalina.valves.ErrorReportValve.invoke(ErrorReportValve.java:118)
	at org.apache.catalina.core.StandardValveContext.invokeNext(StandardValveContext.java:102)
	at org.apache.catalina.core.StandardPipeline.invoke(StandardPipeline.java:520)
	at org.apache.catalina.core.StandardEngineValve.invoke(StandardEngineValve.java:109)
	at org.apache.catalina.core.StandardValveContext.invokeNext(StandardValveContext.java:104)
	at org.apache.catalina.core.StandardPipeline.invoke(StandardPipeline.java:520)
	at org.apache.catalina.core.ContainerBase.invoke(ContainerBase.java:929)
	at org.apache.coyote.tomcat5.CoyoteAdapter.service(CoyoteAdapter.java:160)
	at org.apache.coyote.http11.Http11Processor.process(Http11Processor.java:799)
	at org.apache.coyote.http11.Http11Protocol$Http11ConnectionHandler.processConnection(Http11Protocol.java:705)
	at org.apache.tomcat.util.net.TcpWorkerThread.runIt(PoolTcpEndpoint.java:577)
	at org.apache.tomcat.util.threads.ThreadPool$ControlRunnable.run(ThreadPool.java:683)
	at java.lang.Thread.run(Thread.java:595)
]]></system-err>
</testsuite>
